This file contains any messages produced by compilers while
running configure, to aid debugging if configure makes a mistake.

It was created by graph-tool configure 2.12, which was
generated by GNU Autoconf 2.69.  Invocation command line was

  $ ./configure 

## --------- ##
## Platform. ##
## --------- ##

hostname = DNab4076db.stanford.edu
uname -m = x86_64
uname -r = 15.2.0
uname -s = Darwin
uname -v = Darwin Kernel Version 15.2.0: Fri Nov 13 19:56:56 PST 2015; root:xnu-3248.20.55~2/RELEASE_X86_64

/usr/bin/uname -p = i386
/bin/uname -X     = unknown

/bin/arch              = unknown
/usr/bin/arch -k       = unknown
/usr/convex/getsysinfo = unknown
/usr/bin/hostinfo      = Mach kernel version:
	 Darwin Kernel Version 15.2.0: Fri Nov 13 19:56:56 PST 2015; root:xnu-3248.20.55~2/RELEASE_X86_64
Kernel configured for up to 4 processors.
4 processors are physically available.
4 processors are logically available.
Processor type: x86_64h (Intel x86-64h Haswell)
Processors active: 0 1 2 3
Primary memory available: 16.00 gigabytes
Default processor set: 409 tasks, 2007 threads, 4 processors
Load average: 3.79, Mach factor: 0.94
/bin/machine           = unknown
/usr/bin/oslevel       = unknown
/bin/universe          = unknown

PATH: /opt/local/bin
PATH: /opt/local/sbin
PATH: /opt/local/bin
PATH: /opt/local/sbin
PATH: /opt/local/bin
PATH: /opt/local/sbin
PATH: /Library/Frameworks/Python.framework/Versions/2.7/bin
PATH: /Library/Frameworks/Python.framework/Versions/2.7/bin
PATH: /usr/local/bin
PATH: /usr/local/bin
PATH: /usr/bin
PATH: /bin
PATH: /usr/sbin
PATH: /sbin
PATH: /opt/X11/bin
PATH: /usr/texbin


## ----------- ##
## Core tests. ##
## ----------- ##

configure:2683: checking build system type
configure:2697: result: x86_64-apple-darwin15.2.0
configure:2717: checking host system type
configure:2730: result: x86_64-apple-darwin15.2.0
configure:2750: checking target system type
configure:2763: result: x86_64-apple-darwin15.2.0
configure:2806: checking for a BSD-compatible install
configure:2874: result: /usr/bin/install -c
configure:2885: checking whether build environment is sane
configure:2940: result: yes
configure:3091: checking for a thread-safe mkdir -p
configure:3130: result: ./install-sh -c -d
configure:3137: checking for gawk
configure:3167: result: no
configure:3137: checking for mawk
configure:3167: result: no
configure:3137: checking for nawk
configure:3167: result: no
configure:3137: checking for awk
configure:3153: found /usr/bin/awk
configure:3164: result: awk
configure:3175: checking whether make sets $(MAKE)
configure:3197: result: yes
configure:3226: checking whether make supports nested variables
configure:3243: result: yes
configure:3380: checking whether make supports nested variables
configure:3397: result: yes
configure:3420: checking for style of include used by make
configure:3448: result: GNU
configure:3519: checking for gcc
configure:3535: found /usr/bin/gcc
configure:3546: result: gcc
configure:3775: checking for C compiler version
configure:3784: gcc --version >&5
Apple LLVM version 7.0.2 (clang-700.1.81)
Target: x86_64-apple-darwin15.2.0
Thread model: posix
Configured with: --prefix=/Applications/Xcode.app/Contents/Developer/usr --with-gxx-include-dir=/usr/include/c++/4.2.1
configure:3795: $? = 0
configure:3784: gcc -v >&5
Configured with: --prefix=/Applications/Xcode.app/Contents/Developer/usr --with-gxx-include-dir=/usr/include/c++/4.2.1
Apple LLVM version 7.0.2 (clang-700.1.81)
Target: x86_64-apple-darwin15.2.0
Thread model: posix
configure:3795: $? = 0
configure:3784: gcc -V >&5
clang: error: argument to '-V' is missing (expected 1 value)
clang: error: no input files
configure:3795: $? = 1
configure:3784: gcc -qversion >&5
clang: error: unknown argument: '-qversion'
clang: error: no input files
configure:3795: $? = 1
configure:3815: checking whether the C compiler works
configure:3837: gcc    conftest.c  >&5
configure:3841: $? = 0
configure:3889: result: yes
configure:3892: checking for C compiler default output file name
configure:3894: result: a.out
configure:3900: checking for suffix of executables
configure:3907: gcc -o conftest    conftest.c  >&5
configure:3911: $? = 0
configure:3933: result: 
configure:3955: checking whether we are cross compiling
configure:3963: gcc -o conftest    conftest.c  >&5
configure:3967: $? = 0
configure:3974: ./conftest
configure:3978: $? = 0
configure:3993: result: no
configure:3998: checking for suffix of object files
configure:4020: gcc -c   conftest.c >&5
configure:4024: $? = 0
configure:4045: result: o
configure:4049: checking whether we are using the GNU C compiler
configure:4068: gcc -c   conftest.c >&5
configure:4068: $? = 0
configure:4077: result: yes
configure:4086: checking whether gcc accepts -g
configure:4106: gcc -c -g  conftest.c >&5
configure:4106: $? = 0
configure:4147: result: yes
configure:4164: checking for gcc option to accept ISO C89
configure:4227: gcc  -c -g -O2  conftest.c >&5
configure:4227: $? = 0
configure:4240: result: none needed
configure:4265: checking whether gcc understands -c and -o together
configure:4287: gcc -c conftest.c -o conftest2.o
configure:4290: $? = 0
configure:4287: gcc -c conftest.c -o conftest2.o
configure:4290: $? = 0
configure:4302: result: yes
configure:4321: checking dependency style of gcc
configure:4432: result: gcc3
configure:4453: checking for library containing strerror
configure:4484: gcc -o conftest -g -O2   conftest.c  >&5
conftest.c:18:6: warning: incompatible redeclaration of library function 'strerror' [-Wincompatible-library-redeclaration]
char strerror ();
     ^
conftest.c:18:6: note: 'strerror' is a builtin with type 'char *(int)'
1 warning generated.
configure:4484: $? = 0
configure:4501: result: none required
configure:4516: checking how to run the C preprocessor
configure:4547: gcc -E  conftest.c
configure:4547: $? = 0
configure:4561: gcc -E  conftest.c
conftest.c:11:10: fatal error: 'ac_nonexistent.h' file not found
#include <ac_nonexistent.h>
         ^
1 error generated.
configure:4561: $? = 1
configure: failed program was:
| /* confdefs.h */
| #define PACKAGE_NAME "graph-tool"
| #define PACKAGE_TARNAME "graph-tool"
| #define PACKAGE_VERSION "2.12"
| #define PACKAGE_STRING "graph-tool 2.12"
| #define PACKAGE_BUGREPORT "http://graph-tool.skewed.de/tickets"
| #define PACKAGE_URL "http://graph-tool.skewed.de"
| #define PACKAGE "graph-tool"
| #define VERSION "2.12"
| /* end confdefs.h.  */
| #include <ac_nonexistent.h>
configure:4586: result: gcc -E
configure:4606: gcc -E  conftest.c
configure:4606: $? = 0
configure:4620: gcc -E  conftest.c
conftest.c:11:10: fatal error: 'ac_nonexistent.h' file not found
#include <ac_nonexistent.h>
         ^
1 error generated.
configure:4620: $? = 1
configure: failed program was:
| /* confdefs.h */
| #define PACKAGE_NAME "graph-tool"
| #define PACKAGE_TARNAME "graph-tool"
| #define PACKAGE_VERSION "2.12"
| #define PACKAGE_STRING "graph-tool 2.12"
| #define PACKAGE_BUGREPORT "http://graph-tool.skewed.de/tickets"
| #define PACKAGE_URL "http://graph-tool.skewed.de"
| #define PACKAGE "graph-tool"
| #define VERSION "2.12"
| /* end confdefs.h.  */
| #include <ac_nonexistent.h>
configure:4649: checking for grep that handles long lines and -e
configure:4707: result: /usr/bin/grep
configure:4712: checking for egrep
configure:4774: result: /usr/bin/grep -E
configure:4779: checking for ANSI C header files
configure:4799: gcc -c -g -O2  conftest.c >&5
configure:4799: $? = 0
configure:4872: gcc -o conftest -g -O2   conftest.c  >&5
configure:4872: $? = 0
configure:4872: ./conftest
configure:4872: $? = 0
configure:4883: result: yes
configure:4896: checking for sys/types.h
configure:4896: gcc -c -g -O2  conftest.c >&5
configure:4896: $? = 0
configure:4896: result: yes
configure:4896: checking for sys/stat.h
configure:4896: gcc -c -g -O2  conftest.c >&5
configure:4896: $? = 0
configure:4896: result: yes
configure:4896: checking for stdlib.h
configure:4896: gcc -c -g -O2  conftest.c >&5
configure:4896: $? = 0
configure:4896: result: yes
configure:4896: checking for string.h
configure:4896: gcc -c -g -O2  conftest.c >&5
configure:4896: $? = 0
configure:4896: result: yes
configure:4896: checking for memory.h
configure:4896: gcc -c -g -O2  conftest.c >&5
configure:4896: $? = 0
configure:4896: result: yes
configure:4896: checking for strings.h
configure:4896: gcc -c -g -O2  conftest.c >&5
configure:4896: $? = 0
configure:4896: result: yes
configure:4896: checking for inttypes.h
configure:4896: gcc -c -g -O2  conftest.c >&5
configure:4896: $? = 0
configure:4896: result: yes
configure:4896: checking for stdint.h
configure:4896: gcc -c -g -O2  conftest.c >&5
configure:4896: $? = 0
configure:4896: result: yes
configure:4896: checking for unistd.h
configure:4896: gcc -c -g -O2  conftest.c >&5
configure:4896: $? = 0
configure:4896: result: yes
configure:4909: checking minix/config.h usability
configure:4909: gcc -c -g -O2  conftest.c >&5
conftest.c:54:10: fatal error: 'minix/config.h' file not found
#include <minix/config.h>
         ^
1 error generated.
configure:4909: $? = 1
configure: failed program was:
| /* confdefs.h */
| #define PACKAGE_NAME "graph-tool"
| #define PACKAGE_TARNAME "graph-tool"
| #define PACKAGE_VERSION "2.12"
| #define PACKAGE_STRING "graph-tool 2.12"
| #define PACKAGE_BUGREPORT "http://graph-tool.skewed.de/tickets"
| #define PACKAGE_URL "http://graph-tool.skewed.de"
| #define PACKAGE "graph-tool"
| #define VERSION "2.12"
| #define STDC_HEADERS 1
| #define HAVE_SYS_TYPES_H 1
| #define HAVE_SYS_STAT_H 1
| #define HAVE_STDLIB_H 1
| #define HAVE_STRING_H 1
| #define HAVE_MEMORY_H 1
| #define HAVE_STRINGS_H 1
| #define HAVE_INTTYPES_H 1
| #define HAVE_STDINT_H 1
| #define HAVE_UNISTD_H 1
| /* end confdefs.h.  */
| #include <stdio.h>
| #ifdef HAVE_SYS_TYPES_H
| # include <sys/types.h>
| #endif
| #ifdef HAVE_SYS_STAT_H
| # include <sys/stat.h>
| #endif
| #ifdef STDC_HEADERS
| # include <stdlib.h>
| # include <stddef.h>
| #else
| # ifdef HAVE_STDLIB_H
| #  include <stdlib.h>
| # endif
| #endif
| #ifdef HAVE_STRING_H
| # if !defined STDC_HEADERS && defined HAVE_MEMORY_H
| #  include <memory.h>
| # endif
| # include <string.h>
| #endif
| #ifdef HAVE_STRINGS_H
| # include <strings.h>
| #endif
| #ifdef HAVE_INTTYPES_H
| # include <inttypes.h>
| #endif
| #ifdef HAVE_STDINT_H
| # include <stdint.h>
| #endif
| #ifdef HAVE_UNISTD_H
| # include <unistd.h>
| #endif
| #include <minix/config.h>
configure:4909: result: no
configure:4909: checking minix/config.h presence
configure:4909: gcc -E  conftest.c
conftest.c:21:10: fatal error: 'minix/config.h' file not found
#include <minix/config.h>
         ^
1 error generated.
configure:4909: $? = 1
configure: failed program was:
| /* confdefs.h */
| #define PACKAGE_NAME "graph-tool"
| #define PACKAGE_TARNAME "graph-tool"
| #define PACKAGE_VERSION "2.12"
| #define PACKAGE_STRING "graph-tool 2.12"
| #define PACKAGE_BUGREPORT "http://graph-tool.skewed.de/tickets"
| #define PACKAGE_URL "http://graph-tool.skewed.de"
| #define PACKAGE "graph-tool"
| #define VERSION "2.12"
| #define STDC_HEADERS 1
| #define HAVE_SYS_TYPES_H 1
| #define HAVE_SYS_STAT_H 1
| #define HAVE_STDLIB_H 1
| #define HAVE_STRING_H 1
| #define HAVE_MEMORY_H 1
| #define HAVE_STRINGS_H 1
| #define HAVE_INTTYPES_H 1
| #define HAVE_STDINT_H 1
| #define HAVE_UNISTD_H 1
| /* end confdefs.h.  */
| #include <minix/config.h>
configure:4909: result: no
configure:4909: checking for minix/config.h
configure:4909: result: no
configure:4930: checking whether it is safe to define __EXTENSIONS__
configure:4948: gcc -c -g -O2  conftest.c >&5
configure:4948: $? = 0
configure:4955: result: yes
configure:5027: checking for g++
configure:5043: found /usr/bin/g++
configure:5054: result: g++
configure:5081: checking for C++ compiler version
configure:5090: g++ --version >&5
Apple LLVM version 7.0.2 (clang-700.1.81)
Target: x86_64-apple-darwin15.2.0
Thread model: posix
Configured with: --prefix=/Applications/Xcode.app/Contents/Developer/usr --with-gxx-include-dir=/usr/include/c++/4.2.1
configure:5101: $? = 0
configure:5090: g++ -v >&5
Configured with: --prefix=/Applications/Xcode.app/Contents/Developer/usr --with-gxx-include-dir=/usr/include/c++/4.2.1
Apple LLVM version 7.0.2 (clang-700.1.81)
Target: x86_64-apple-darwin15.2.0
Thread model: posix
configure:5101: $? = 0
configure:5090: g++ -V >&5
clang: error: argument to '-V' is missing (expected 1 value)
clang: error: no input files
configure:5101: $? = 1
configure:5090: g++ -qversion >&5
clang: error: unknown argument: '-qversion'
clang: error: no input files
configure:5101: $? = 1
configure:5105: checking whether we are using the GNU C++ compiler
configure:5124: g++ -c   conftest.cpp >&5
configure:5124: $? = 0
configure:5133: result: yes
configure:5142: checking whether g++ accepts -g
configure:5162: g++ -c -g  conftest.cpp >&5
configure:5162: $? = 0
configure:5203: result: yes
configure:5228: checking dependency style of g++
configure:5339: result: gcc3
configure:5364: checking for gcc option to accept ISO C99
configure:5513: g++ -c   conftest.cpp >&5
conftest.cpp:76:29: error: expected ')'
test_restrict (ccp restrict text)
                            ^
conftest.cpp:76:15: note: to match this '('
test_restrict (ccp restrict text)
              ^
conftest.cpp:81:30: error: use of undeclared identifier 'text'
  for (unsigned int i = 0; *(text+i) != '\0'; ++i)
                             ^
conftest.cpp:130:17: error: expected ';' at end of declaration
  char *restrict newvar = "Another string";
                ^
                ;
conftest.cpp:137:28: error: cannot initialize a variable of type 'struct incomplete_array *' with an rvalue of type 'void *'
  struct incomplete_array *ia =
                           ^
conftest.cpp:156:59: error: use of undeclared identifier 'newvar'
  return (!success || bignum == 0LL || ubignum == 0uLL || newvar[0] == 'x'
                                                          ^
5 errors generated.
configure:5513: $? = 1
configure: failed program was:
| /* confdefs.h */
| #define PACKAGE_NAME "graph-tool"
| #define PACKAGE_TARNAME "graph-tool"
| #define PACKAGE_VERSION "2.12"
| #define PACKAGE_STRING "graph-tool 2.12"
| #define PACKAGE_BUGREPORT "http://graph-tool.skewed.de/tickets"
| #define PACKAGE_URL "http://graph-tool.skewed.de"
| #define PACKAGE "graph-tool"
| #define VERSION "2.12"
| #define STDC_HEADERS 1
| #define HAVE_SYS_TYPES_H 1
| #define HAVE_SYS_STAT_H 1
| #define HAVE_STDLIB_H 1
| #define HAVE_STRING_H 1
| #define HAVE_MEMORY_H 1
| #define HAVE_STRINGS_H 1
| #define HAVE_INTTYPES_H 1
| #define HAVE_STDINT_H 1
| #define HAVE_UNISTD_H 1
| #define __EXTENSIONS__ 1
| #define _ALL_SOURCE 1
| #define _GNU_SOURCE 1
| #define _POSIX_PTHREAD_SEMANTICS 1
| #define _TANDEM_SOURCE 1
| /* end confdefs.h.  */
| #include <stdarg.h>
| #include <stdbool.h>
| #include <stdlib.h>
| #include <wchar.h>
| #include <stdio.h>
| 
| // Check varargs macros.  These examples are taken from C99 6.10.3.5.
| #define debug(...) fprintf (stderr, __VA_ARGS__)
| #define showlist(...) puts (#__VA_ARGS__)
| #define report(test,...) ((test) ? puts (#test) : printf (__VA_ARGS__))
| static void
| test_varargs_macros (void)
| {
|   int x = 1234;
|   int y = 5678;
|   debug ("Flag");
|   debug ("X = %d\n", x);
|   showlist (The first, second, and third items.);
|   report (x>y, "x is %d but y is %d", x, y);
| }
| 
| // Check long long types.
| #define BIG64 18446744073709551615ull
| #define BIG32 4294967295ul
| #define BIG_OK (BIG64 / BIG32 == 4294967297ull && BIG64 % BIG32 == 0)
| #if !BIG_OK
|   your preprocessor is broken;
| #endif
| #if BIG_OK
| #else
|   your preprocessor is broken;
| #endif
| static long long int bignum = -9223372036854775807LL;
| static unsigned long long int ubignum = BIG64;
| 
| struct incomplete_array
| {
|   int datasize;
|   double data[];
| };
| 
| struct named_init {
|   int number;
|   const wchar_t *name;
|   double average;
| };
| 
| typedef const char *ccp;
| 
| static inline int
| test_restrict (ccp restrict text)
| {
|   // See if C++-style comments work.
|   // Iterate through items via the restricted pointer.
|   // Also check for declarations in for loops.
|   for (unsigned int i = 0; *(text+i) != '\0'; ++i)
|     continue;
|   return 0;
| }
| 
| // Check varargs and va_copy.
| static void
| test_varargs (const char *format, ...)
| {
|   va_list args;
|   va_start (args, format);
|   va_list args_copy;
|   va_copy (args_copy, args);
| 
|   const char *str;
|   int number;
|   float fnumber;
| 
|   while (*format)
|     {
|       switch (*format++)
| 	{
| 	case 's': // string
| 	  str = va_arg (args_copy, const char *);
| 	  break;
| 	case 'd': // int
| 	  number = va_arg (args_copy, int);
| 	  break;
| 	case 'f': // float
| 	  fnumber = va_arg (args_copy, double);
| 	  break;
| 	default:
| 	  break;
| 	}
|     }
|   va_end (args_copy);
|   va_end (args);
| }
| 
| int
| main ()
| {
| 
|   // Check bool.
|   _Bool success = false;
| 
|   // Check restrict.
|   if (test_restrict ("String literal") == 0)
|     success = true;
|   char *restrict newvar = "Another string";
| 
|   // Check varargs.
|   test_varargs ("s, d' f .", "string", 65, 34.234);
|   test_varargs_macros ();
| 
|   // Check flexible array members.
|   struct incomplete_array *ia =
|     malloc (sizeof (struct incomplete_array) + (sizeof (double) * 10));
|   ia->datasize = 10;
|   for (int i = 0; i < ia->datasize; ++i)
|     ia->data[i] = i * 1.234;
| 
|   // Check named initializers.
|   struct named_init ni = {
|     .number = 34,
|     .name = L"Test wide string",
|     .average = 543.34343,
|   };
| 
|   ni.number = 58;
| 
|   int dynamic_array[ni.number];
|   dynamic_array[ni.number - 1] = 543;
| 
|   // work around unused variable warnings
|   return (!success || bignum == 0LL || ubignum == 0uLL || newvar[0] == 'x'
| 	  || dynamic_array[ni.number - 1] != 543);
| 
|   ;
|   return 0;
| }
configure:5513: g++ -c   conftest.cpp >&5
conftest.cpp:76:29: error: expected ')'
test_restrict (ccp restrict text)
                            ^
conftest.cpp:76:15: note: to match this '('
test_restrict (ccp restrict text)
              ^
conftest.cpp:81:30: error: use of undeclared identifier 'text'
  for (unsigned int i = 0; *(text+i) != '\0'; ++i)
                             ^
conftest.cpp:130:17: error: expected ';' at end of declaration
  char *restrict newvar = "Another string";
                ^
                ;
conftest.cpp:137:28: error: cannot initialize a variable of type 'struct incomplete_array *' with an rvalue of type 'void *'
  struct incomplete_array *ia =
                           ^
conftest.cpp:156:59: error: use of undeclared identifier 'newvar'
  return (!success || bignum == 0LL || ubignum == 0uLL || newvar[0] == 'x'
                                                          ^
5 errors generated.
configure:5513: $? = 1
configure: failed program was:
| /* confdefs.h */
| #define PACKAGE_NAME "graph-tool"
| #define PACKAGE_TARNAME "graph-tool"
| #define PACKAGE_VERSION "2.12"
| #define PACKAGE_STRING "graph-tool 2.12"
| #define PACKAGE_BUGREPORT "http://graph-tool.skewed.de/tickets"
| #define PACKAGE_URL "http://graph-tool.skewed.de"
| #define PACKAGE "graph-tool"
| #define VERSION "2.12"
| #define STDC_HEADERS 1
| #define HAVE_SYS_TYPES_H 1
| #define HAVE_SYS_STAT_H 1
| #define HAVE_STDLIB_H 1
| #define HAVE_STRING_H 1
| #define HAVE_MEMORY_H 1
| #define HAVE_STRINGS_H 1
| #define HAVE_INTTYPES_H 1
| #define HAVE_STDINT_H 1
| #define HAVE_UNISTD_H 1
| #define __EXTENSIONS__ 1
| #define _ALL_SOURCE 1
| #define _GNU_SOURCE 1
| #define _POSIX_PTHREAD_SEMANTICS 1
| #define _TANDEM_SOURCE 1
| /* end confdefs.h.  */
| #include <stdarg.h>
| #include <stdbool.h>
| #include <stdlib.h>
| #include <wchar.h>
| #include <stdio.h>
| 
| // Check varargs macros.  These examples are taken from C99 6.10.3.5.
| #define debug(...) fprintf (stderr, __VA_ARGS__)
| #define showlist(...) puts (#__VA_ARGS__)
| #define report(test,...) ((test) ? puts (#test) : printf (__VA_ARGS__))
| static void
| test_varargs_macros (void)
| {
|   int x = 1234;
|   int y = 5678;
|   debug ("Flag");
|   debug ("X = %d\n", x);
|   showlist (The first, second, and third items.);
|   report (x>y, "x is %d but y is %d", x, y);
| }
| 
| // Check long long types.
| #define BIG64 18446744073709551615ull
| #define BIG32 4294967295ul
| #define BIG_OK (BIG64 / BIG32 == 4294967297ull && BIG64 % BIG32 == 0)
| #if !BIG_OK
|   your preprocessor is broken;
| #endif
| #if BIG_OK
| #else
|   your preprocessor is broken;
| #endif
| static long long int bignum = -9223372036854775807LL;
| static unsigned long long int ubignum = BIG64;
| 
| struct incomplete_array
| {
|   int datasize;
|   double data[];
| };
| 
| struct named_init {
|   int number;
|   const wchar_t *name;
|   double average;
| };
| 
| typedef const char *ccp;
| 
| static inline int
| test_restrict (ccp restrict text)
| {
|   // See if C++-style comments work.
|   // Iterate through items via the restricted pointer.
|   // Also check for declarations in for loops.
|   for (unsigned int i = 0; *(text+i) != '\0'; ++i)
|     continue;
|   return 0;
| }
| 
| // Check varargs and va_copy.
| static void
| test_varargs (const char *format, ...)
| {
|   va_list args;
|   va_start (args, format);
|   va_list args_copy;
|   va_copy (args_copy, args);
| 
|   const char *str;
|   int number;
|   float fnumber;
| 
|   while (*format)
|     {
|       switch (*format++)
| 	{
| 	case 's': // string
| 	  str = va_arg (args_copy, const char *);
| 	  break;
| 	case 'd': // int
| 	  number = va_arg (args_copy, int);
| 	  break;
| 	case 'f': // float
| 	  fnumber = va_arg (args_copy, double);
| 	  break;
| 	default:
| 	  break;
| 	}
|     }
|   va_end (args_copy);
|   va_end (args);
| }
| 
| int
| main ()
| {
| 
|   // Check bool.
|   _Bool success = false;
| 
|   // Check restrict.
|   if (test_restrict ("String literal") == 0)
|     success = true;
|   char *restrict newvar = "Another string";
| 
|   // Check varargs.
|   test_varargs ("s, d' f .", "string", 65, 34.234);
|   test_varargs_macros ();
| 
|   // Check flexible array members.
|   struct incomplete_array *ia =
|     malloc (sizeof (struct incomplete_array) + (sizeof (double) * 10));
|   ia->datasize = 10;
|   for (int i = 0; i < ia->datasize; ++i)
|     ia->data[i] = i * 1.234;
| 
|   // Check named initializers.
|   struct named_init ni = {
|     .number = 34,
|     .name = L"Test wide string",
|     .average = 543.34343,
|   };
| 
|   ni.number = 58;
| 
|   int dynamic_array[ni.number];
|   dynamic_array[ni.number - 1] = 543;
| 
|   // work around unused variable warnings
|   return (!success || bignum == 0LL || ubignum == 0uLL || newvar[0] == 'x'
| 	  || dynamic_array[ni.number - 1] != 543);
| 
|   ;
|   return 0;
| }
configure:5513: g++ -c   conftest.cpp >&5
conftest.cpp:76:29: error: expected ')'
test_restrict (ccp restrict text)
                            ^
conftest.cpp:76:15: note: to match this '('
test_restrict (ccp restrict text)
              ^
conftest.cpp:81:30: error: use of undeclared identifier 'text'
  for (unsigned int i = 0; *(text+i) != '\0'; ++i)
                             ^
conftest.cpp:130:17: error: expected ';' at end of declaration
  char *restrict newvar = "Another string";
                ^
                ;
conftest.cpp:137:28: error: cannot initialize a variable of type 'struct incomplete_array *' with an rvalue of type 'void *'
  struct incomplete_array *ia =
                           ^
conftest.cpp:156:59: error: use of undeclared identifier 'newvar'
  return (!success || bignum == 0LL || ubignum == 0uLL || newvar[0] == 'x'
                                                          ^
5 errors generated.
configure:5513: $? = 1
configure: failed program was:
| /* confdefs.h */
| #define PACKAGE_NAME "graph-tool"
| #define PACKAGE_TARNAME "graph-tool"
| #define PACKAGE_VERSION "2.12"
| #define PACKAGE_STRING "graph-tool 2.12"
| #define PACKAGE_BUGREPORT "http://graph-tool.skewed.de/tickets"
| #define PACKAGE_URL "http://graph-tool.skewed.de"
| #define PACKAGE "graph-tool"
| #define VERSION "2.12"
| #define STDC_HEADERS 1
| #define HAVE_SYS_TYPES_H 1
| #define HAVE_SYS_STAT_H 1
| #define HAVE_STDLIB_H 1
| #define HAVE_STRING_H 1
| #define HAVE_MEMORY_H 1
| #define HAVE_STRINGS_H 1
| #define HAVE_INTTYPES_H 1
| #define HAVE_STDINT_H 1
| #define HAVE_UNISTD_H 1
| #define __EXTENSIONS__ 1
| #define _ALL_SOURCE 1
| #define _GNU_SOURCE 1
| #define _POSIX_PTHREAD_SEMANTICS 1
| #define _TANDEM_SOURCE 1
| /* end confdefs.h.  */
| #include <stdarg.h>
| #include <stdbool.h>
| #include <stdlib.h>
| #include <wchar.h>
| #include <stdio.h>
| 
| // Check varargs macros.  These examples are taken from C99 6.10.3.5.
| #define debug(...) fprintf (stderr, __VA_ARGS__)
| #define showlist(...) puts (#__VA_ARGS__)
| #define report(test,...) ((test) ? puts (#test) : printf (__VA_ARGS__))
| static void
| test_varargs_macros (void)
| {
|   int x = 1234;
|   int y = 5678;
|   debug ("Flag");
|   debug ("X = %d\n", x);
|   showlist (The first, second, and third items.);
|   report (x>y, "x is %d but y is %d", x, y);
| }
| 
| // Check long long types.
| #define BIG64 18446744073709551615ull
| #define BIG32 4294967295ul
| #define BIG_OK (BIG64 / BIG32 == 4294967297ull && BIG64 % BIG32 == 0)
| #if !BIG_OK
|   your preprocessor is broken;
| #endif
| #if BIG_OK
| #else
|   your preprocessor is broken;
| #endif
| static long long int bignum = -9223372036854775807LL;
| static unsigned long long int ubignum = BIG64;
| 
| struct incomplete_array
| {
|   int datasize;
|   double data[];
| };
| 
| struct named_init {
|   int number;
|   const wchar_t *name;
|   double average;
| };
| 
| typedef const char *ccp;
| 
| static inline int
| test_restrict (ccp restrict text)
| {
|   // See if C++-style comments work.
|   // Iterate through items via the restricted pointer.
|   // Also check for declarations in for loops.
|   for (unsigned int i = 0; *(text+i) != '\0'; ++i)
|     continue;
|   return 0;
| }
| 
| // Check varargs and va_copy.
| static void
| test_varargs (const char *format, ...)
| {
|   va_list args;
|   va_start (args, format);
|   va_list args_copy;
|   va_copy (args_copy, args);
| 
|   const char *str;
|   int number;
|   float fnumber;
| 
|   while (*format)
|     {
|       switch (*format++)
| 	{
| 	case 's': // string
| 	  str = va_arg (args_copy, const char *);
| 	  break;
| 	case 'd': // int
| 	  number = va_arg (args_copy, int);
| 	  break;
| 	case 'f': // float
| 	  fnumber = va_arg (args_copy, double);
| 	  break;
| 	default:
| 	  break;
| 	}
|     }
|   va_end (args_copy);
|   va_end (args);
| }
| 
| int
| main ()
| {
| 
|   // Check bool.
|   _Bool success = false;
| 
|   // Check restrict.
|   if (test_restrict ("String literal") == 0)
|     success = true;
|   char *restrict newvar = "Another string";
| 
|   // Check varargs.
|   test_varargs ("s, d' f .", "string", 65, 34.234);
|   test_varargs_macros ();
| 
|   // Check flexible array members.
|   struct incomplete_array *ia =
|     malloc (sizeof (struct incomplete_array) + (sizeof (double) * 10));
|   ia->datasize = 10;
|   for (int i = 0; i < ia->datasize; ++i)
|     ia->data[i] = i * 1.234;
| 
|   // Check named initializers.
|   struct named_init ni = {
|     .number = 34,
|     .name = L"Test wide string",
|     .average = 543.34343,
|   };
| 
|   ni.number = 58;
| 
|   int dynamic_array[ni.number];
|   dynamic_array[ni.number - 1] = 543;
| 
|   // work around unused variable warnings
|   return (!success || bignum == 0LL || ubignum == 0uLL || newvar[0] == 'x'
| 	  || dynamic_array[ni.number - 1] != 543);
| 
|   ;
|   return 0;
| }
configure:5513: g++ -c   conftest.cpp >&5
conftest.cpp:76:29: error: expected ')'
test_restrict (ccp restrict text)
                            ^
conftest.cpp:76:15: note: to match this '('
test_restrict (ccp restrict text)
              ^
conftest.cpp:81:30: error: use of undeclared identifier 'text'
  for (unsigned int i = 0; *(text+i) != '\0'; ++i)
                             ^
conftest.cpp:130:17: error: expected ';' at end of declaration
  char *restrict newvar = "Another string";
                ^
                ;
conftest.cpp:137:28: error: cannot initialize a variable of type 'struct incomplete_array *' with an rvalue of type 'void *'
  struct incomplete_array *ia =
                           ^
conftest.cpp:156:59: error: use of undeclared identifier 'newvar'
  return (!success || bignum == 0LL || ubignum == 0uLL || newvar[0] == 'x'
                                                          ^
5 errors generated.
configure:5513: $? = 1
configure: failed program was:
| /* confdefs.h */
| #define PACKAGE_NAME "graph-tool"
| #define PACKAGE_TARNAME "graph-tool"
| #define PACKAGE_VERSION "2.12"
| #define PACKAGE_STRING "graph-tool 2.12"
| #define PACKAGE_BUGREPORT "http://graph-tool.skewed.de/tickets"
| #define PACKAGE_URL "http://graph-tool.skewed.de"
| #define PACKAGE "graph-tool"
| #define VERSION "2.12"
| #define STDC_HEADERS 1
| #define HAVE_SYS_TYPES_H 1
| #define HAVE_SYS_STAT_H 1
| #define HAVE_STDLIB_H 1
| #define HAVE_STRING_H 1
| #define HAVE_MEMORY_H 1
| #define HAVE_STRINGS_H 1
| #define HAVE_INTTYPES_H 1
| #define HAVE_STDINT_H 1
| #define HAVE_UNISTD_H 1
| #define __EXTENSIONS__ 1
| #define _ALL_SOURCE 1
| #define _GNU_SOURCE 1
| #define _POSIX_PTHREAD_SEMANTICS 1
| #define _TANDEM_SOURCE 1
| /* end confdefs.h.  */
| #include <stdarg.h>
| #include <stdbool.h>
| #include <stdlib.h>
| #include <wchar.h>
| #include <stdio.h>
| 
| // Check varargs macros.  These examples are taken from C99 6.10.3.5.
| #define debug(...) fprintf (stderr, __VA_ARGS__)
| #define showlist(...) puts (#__VA_ARGS__)
| #define report(test,...) ((test) ? puts (#test) : printf (__VA_ARGS__))
| static void
| test_varargs_macros (void)
| {
|   int x = 1234;
|   int y = 5678;
|   debug ("Flag");
|   debug ("X = %d\n", x);
|   showlist (The first, second, and third items.);
|   report (x>y, "x is %d but y is %d", x, y);
| }
| 
| // Check long long types.
| #define BIG64 18446744073709551615ull
| #define BIG32 4294967295ul
| #define BIG_OK (BIG64 / BIG32 == 4294967297ull && BIG64 % BIG32 == 0)
| #if !BIG_OK
|   your preprocessor is broken;
| #endif
| #if BIG_OK
| #else
|   your preprocessor is broken;
| #endif
| static long long int bignum = -9223372036854775807LL;
| static unsigned long long int ubignum = BIG64;
| 
| struct incomplete_array
| {
|   int datasize;
|   double data[];
| };
| 
| struct named_init {
|   int number;
|   const wchar_t *name;
|   double average;
| };
| 
| typedef const char *ccp;
| 
| static inline int
| test_restrict (ccp restrict text)
| {
|   // See if C++-style comments work.
|   // Iterate through items via the restricted pointer.
|   // Also check for declarations in for loops.
|   for (unsigned int i = 0; *(text+i) != '\0'; ++i)
|     continue;
|   return 0;
| }
| 
| // Check varargs and va_copy.
| static void
| test_varargs (const char *format, ...)
| {
|   va_list args;
|   va_start (args, format);
|   va_list args_copy;
|   va_copy (args_copy, args);
| 
|   const char *str;
|   int number;
|   float fnumber;
| 
|   while (*format)
|     {
|       switch (*format++)
| 	{
| 	case 's': // string
| 	  str = va_arg (args_copy, const char *);
| 	  break;
| 	case 'd': // int
| 	  number = va_arg (args_copy, int);
| 	  break;
| 	case 'f': // float
| 	  fnumber = va_arg (args_copy, double);
| 	  break;
| 	default:
| 	  break;
| 	}
|     }
|   va_end (args_copy);
|   va_end (args);
| }
| 
| int
| main ()
| {
| 
|   // Check bool.
|   _Bool success = false;
| 
|   // Check restrict.
|   if (test_restrict ("String literal") == 0)
|     success = true;
|   char *restrict newvar = "Another string";
| 
|   // Check varargs.
|   test_varargs ("s, d' f .", "string", 65, 34.234);
|   test_varargs_macros ();
| 
|   // Check flexible array members.
|   struct incomplete_array *ia =
|     malloc (sizeof (struct incomplete_array) + (sizeof (double) * 10));
|   ia->datasize = 10;
|   for (int i = 0; i < ia->datasize; ++i)
|     ia->data[i] = i * 1.234;
| 
|   // Check named initializers.
|   struct named_init ni = {
|     .number = 34,
|     .name = L"Test wide string",
|     .average = 543.34343,
|   };
| 
|   ni.number = 58;
| 
|   int dynamic_array[ni.number];
|   dynamic_array[ni.number - 1] = 543;
| 
|   // work around unused variable warnings
|   return (!success || bignum == 0LL || ubignum == 0uLL || newvar[0] == 'x'
| 	  || dynamic_array[ni.number - 1] != 543);
| 
|   ;
|   return 0;
| }
configure:5513: g++ -c   conftest.cpp >&5
conftest.cpp:76:29: error: expected ')'
test_restrict (ccp restrict text)
                            ^
conftest.cpp:76:15: note: to match this '('
test_restrict (ccp restrict text)
              ^
conftest.cpp:81:30: error: use of undeclared identifier 'text'
  for (unsigned int i = 0; *(text+i) != '\0'; ++i)
                             ^
conftest.cpp:130:17: error: expected ';' at end of declaration
  char *restrict newvar = "Another string";
                ^
                ;
conftest.cpp:137:28: error: cannot initialize a variable of type 'struct incomplete_array *' with an rvalue of type 'void *'
  struct incomplete_array *ia =
                           ^
conftest.cpp:156:59: error: use of undeclared identifier 'newvar'
  return (!success || bignum == 0LL || ubignum == 0uLL || newvar[0] == 'x'
                                                          ^
5 errors generated.
configure:5513: $? = 1
configure: failed program was:
| /* confdefs.h */
| #define PACKAGE_NAME "graph-tool"
| #define PACKAGE_TARNAME "graph-tool"
| #define PACKAGE_VERSION "2.12"
| #define PACKAGE_STRING "graph-tool 2.12"
| #define PACKAGE_BUGREPORT "http://graph-tool.skewed.de/tickets"
| #define PACKAGE_URL "http://graph-tool.skewed.de"
| #define PACKAGE "graph-tool"
| #define VERSION "2.12"
| #define STDC_HEADERS 1
| #define HAVE_SYS_TYPES_H 1
| #define HAVE_SYS_STAT_H 1
| #define HAVE_STDLIB_H 1
| #define HAVE_STRING_H 1
| #define HAVE_MEMORY_H 1
| #define HAVE_STRINGS_H 1
| #define HAVE_INTTYPES_H 1
| #define HAVE_STDINT_H 1
| #define HAVE_UNISTD_H 1
| #define __EXTENSIONS__ 1
| #define _ALL_SOURCE 1
| #define _GNU_SOURCE 1
| #define _POSIX_PTHREAD_SEMANTICS 1
| #define _TANDEM_SOURCE 1
| /* end confdefs.h.  */
| #include <stdarg.h>
| #include <stdbool.h>
| #include <stdlib.h>
| #include <wchar.h>
| #include <stdio.h>
| 
| // Check varargs macros.  These examples are taken from C99 6.10.3.5.
| #define debug(...) fprintf (stderr, __VA_ARGS__)
| #define showlist(...) puts (#__VA_ARGS__)
| #define report(test,...) ((test) ? puts (#test) : printf (__VA_ARGS__))
| static void
| test_varargs_macros (void)
| {
|   int x = 1234;
|   int y = 5678;
|   debug ("Flag");
|   debug ("X = %d\n", x);
|   showlist (The first, second, and third items.);
|   report (x>y, "x is %d but y is %d", x, y);
| }
| 
| // Check long long types.
| #define BIG64 18446744073709551615ull
| #define BIG32 4294967295ul
| #define BIG_OK (BIG64 / BIG32 == 4294967297ull && BIG64 % BIG32 == 0)
| #if !BIG_OK
|   your preprocessor is broken;
| #endif
| #if BIG_OK
| #else
|   your preprocessor is broken;
| #endif
| static long long int bignum = -9223372036854775807LL;
| static unsigned long long int ubignum = BIG64;
| 
| struct incomplete_array
| {
|   int datasize;
|   double data[];
| };
| 
| struct named_init {
|   int number;
|   const wchar_t *name;
|   double average;
| };
| 
| typedef const char *ccp;
| 
| static inline int
| test_restrict (ccp restrict text)
| {
|   // See if C++-style comments work.
|   // Iterate through items via the restricted pointer.
|   // Also check for declarations in for loops.
|   for (unsigned int i = 0; *(text+i) != '\0'; ++i)
|     continue;
|   return 0;
| }
| 
| // Check varargs and va_copy.
| static void
| test_varargs (const char *format, ...)
| {
|   va_list args;
|   va_start (args, format);
|   va_list args_copy;
|   va_copy (args_copy, args);
| 
|   const char *str;
|   int number;
|   float fnumber;
| 
|   while (*format)
|     {
|       switch (*format++)
| 	{
| 	case 's': // string
| 	  str = va_arg (args_copy, const char *);
| 	  break;
| 	case 'd': // int
| 	  number = va_arg (args_copy, int);
| 	  break;
| 	case 'f': // float
| 	  fnumber = va_arg (args_copy, double);
| 	  break;
| 	default:
| 	  break;
| 	}
|     }
|   va_end (args_copy);
|   va_end (args);
| }
| 
| int
| main ()
| {
| 
|   // Check bool.
|   _Bool success = false;
| 
|   // Check restrict.
|   if (test_restrict ("String literal") == 0)
|     success = true;
|   char *restrict newvar = "Another string";
| 
|   // Check varargs.
|   test_varargs ("s, d' f .", "string", 65, 34.234);
|   test_varargs_macros ();
| 
|   // Check flexible array members.
|   struct incomplete_array *ia =
|     malloc (sizeof (struct incomplete_array) + (sizeof (double) * 10));
|   ia->datasize = 10;
|   for (int i = 0; i < ia->datasize; ++i)
|     ia->data[i] = i * 1.234;
| 
|   // Check named initializers.
|   struct named_init ni = {
|     .number = 34,
|     .name = L"Test wide string",
|     .average = 543.34343,
|   };
| 
|   ni.number = 58;
| 
|   int dynamic_array[ni.number];
|   dynamic_array[ni.number - 1] = 543;
| 
|   // work around unused variable warnings
|   return (!success || bignum == 0LL || ubignum == 0uLL || newvar[0] == 'x'
| 	  || dynamic_array[ni.number - 1] != 543);
| 
|   ;
|   return 0;
| }
configure:5513: g++ -c   conftest.cpp >&5
conftest.cpp:76:29: error: expected ')'
test_restrict (ccp restrict text)
                            ^
conftest.cpp:76:15: note: to match this '('
test_restrict (ccp restrict text)
              ^
conftest.cpp:81:30: error: use of undeclared identifier 'text'
  for (unsigned int i = 0; *(text+i) != '\0'; ++i)
                             ^
conftest.cpp:130:17: error: expected ';' at end of declaration
  char *restrict newvar = "Another string";
                ^
                ;
conftest.cpp:137:28: error: cannot initialize a variable of type 'struct incomplete_array *' with an rvalue of type 'void *'
  struct incomplete_array *ia =
                           ^
conftest.cpp:156:59: error: use of undeclared identifier 'newvar'
  return (!success || bignum == 0LL || ubignum == 0uLL || newvar[0] == 'x'
                                                          ^
5 errors generated.
configure:5513: $? = 1
configure: failed program was:
| /* confdefs.h */
| #define PACKAGE_NAME "graph-tool"
| #define PACKAGE_TARNAME "graph-tool"
| #define PACKAGE_VERSION "2.12"
| #define PACKAGE_STRING "graph-tool 2.12"
| #define PACKAGE_BUGREPORT "http://graph-tool.skewed.de/tickets"
| #define PACKAGE_URL "http://graph-tool.skewed.de"
| #define PACKAGE "graph-tool"
| #define VERSION "2.12"
| #define STDC_HEADERS 1
| #define HAVE_SYS_TYPES_H 1
| #define HAVE_SYS_STAT_H 1
| #define HAVE_STDLIB_H 1
| #define HAVE_STRING_H 1
| #define HAVE_MEMORY_H 1
| #define HAVE_STRINGS_H 1
| #define HAVE_INTTYPES_H 1
| #define HAVE_STDINT_H 1
| #define HAVE_UNISTD_H 1
| #define __EXTENSIONS__ 1
| #define _ALL_SOURCE 1
| #define _GNU_SOURCE 1
| #define _POSIX_PTHREAD_SEMANTICS 1
| #define _TANDEM_SOURCE 1
| /* end confdefs.h.  */
| #include <stdarg.h>
| #include <stdbool.h>
| #include <stdlib.h>
| #include <wchar.h>
| #include <stdio.h>
| 
| // Check varargs macros.  These examples are taken from C99 6.10.3.5.
| #define debug(...) fprintf (stderr, __VA_ARGS__)
| #define showlist(...) puts (#__VA_ARGS__)
| #define report(test,...) ((test) ? puts (#test) : printf (__VA_ARGS__))
| static void
| test_varargs_macros (void)
| {
|   int x = 1234;
|   int y = 5678;
|   debug ("Flag");
|   debug ("X = %d\n", x);
|   showlist (The first, second, and third items.);
|   report (x>y, "x is %d but y is %d", x, y);
| }
| 
| // Check long long types.
| #define BIG64 18446744073709551615ull
| #define BIG32 4294967295ul
| #define BIG_OK (BIG64 / BIG32 == 4294967297ull && BIG64 % BIG32 == 0)
| #if !BIG_OK
|   your preprocessor is broken;
| #endif
| #if BIG_OK
| #else
|   your preprocessor is broken;
| #endif
| static long long int bignum = -9223372036854775807LL;
| static unsigned long long int ubignum = BIG64;
| 
| struct incomplete_array
| {
|   int datasize;
|   double data[];
| };
| 
| struct named_init {
|   int number;
|   const wchar_t *name;
|   double average;
| };
| 
| typedef const char *ccp;
| 
| static inline int
| test_restrict (ccp restrict text)
| {
|   // See if C++-style comments work.
|   // Iterate through items via the restricted pointer.
|   // Also check for declarations in for loops.
|   for (unsigned int i = 0; *(text+i) != '\0'; ++i)
|     continue;
|   return 0;
| }
| 
| // Check varargs and va_copy.
| static void
| test_varargs (const char *format, ...)
| {
|   va_list args;
|   va_start (args, format);
|   va_list args_copy;
|   va_copy (args_copy, args);
| 
|   const char *str;
|   int number;
|   float fnumber;
| 
|   while (*format)
|     {
|       switch (*format++)
| 	{
| 	case 's': // string
| 	  str = va_arg (args_copy, const char *);
| 	  break;
| 	case 'd': // int
| 	  number = va_arg (args_copy, int);
| 	  break;
| 	case 'f': // float
| 	  fnumber = va_arg (args_copy, double);
| 	  break;
| 	default:
| 	  break;
| 	}
|     }
|   va_end (args_copy);
|   va_end (args);
| }
| 
| int
| main ()
| {
| 
|   // Check bool.
|   _Bool success = false;
| 
|   // Check restrict.
|   if (test_restrict ("String literal") == 0)
|     success = true;
|   char *restrict newvar = "Another string";
| 
|   // Check varargs.
|   test_varargs ("s, d' f .", "string", 65, 34.234);
|   test_varargs_macros ();
| 
|   // Check flexible array members.
|   struct incomplete_array *ia =
|     malloc (sizeof (struct incomplete_array) + (sizeof (double) * 10));
|   ia->datasize = 10;
|   for (int i = 0; i < ia->datasize; ++i)
|     ia->data[i] = i * 1.234;
| 
|   // Check named initializers.
|   struct named_init ni = {
|     .number = 34,
|     .name = L"Test wide string",
|     .average = 543.34343,
|   };
| 
|   ni.number = 58;
| 
|   int dynamic_array[ni.number];
|   dynamic_array[ni.number - 1] = 543;
| 
|   // work around unused variable warnings
|   return (!success || bignum == 0LL || ubignum == 0uLL || newvar[0] == 'x'
| 	  || dynamic_array[ni.number - 1] != 543);
| 
|   ;
|   return 0;
| }
configure:5513: g++ -c   conftest.cpp >&5
conftest.cpp:76:29: error: expected ')'
test_restrict (ccp restrict text)
                            ^
conftest.cpp:76:15: note: to match this '('
test_restrict (ccp restrict text)
              ^
conftest.cpp:81:30: error: use of undeclared identifier 'text'
  for (unsigned int i = 0; *(text+i) != '\0'; ++i)
                             ^
conftest.cpp:130:17: error: expected ';' at end of declaration
  char *restrict newvar = "Another string";
                ^
                ;
conftest.cpp:137:28: error: cannot initialize a variable of type 'struct incomplete_array *' with an rvalue of type 'void *'
  struct incomplete_array *ia =
                           ^
conftest.cpp:156:59: error: use of undeclared identifier 'newvar'
  return (!success || bignum == 0LL || ubignum == 0uLL || newvar[0] == 'x'
                                                          ^
5 errors generated.
configure:5513: $? = 1
configure: failed program was:
| /* confdefs.h */
| #define PACKAGE_NAME "graph-tool"
| #define PACKAGE_TARNAME "graph-tool"
| #define PACKAGE_VERSION "2.12"
| #define PACKAGE_STRING "graph-tool 2.12"
| #define PACKAGE_BUGREPORT "http://graph-tool.skewed.de/tickets"
| #define PACKAGE_URL "http://graph-tool.skewed.de"
| #define PACKAGE "graph-tool"
| #define VERSION "2.12"
| #define STDC_HEADERS 1
| #define HAVE_SYS_TYPES_H 1
| #define HAVE_SYS_STAT_H 1
| #define HAVE_STDLIB_H 1
| #define HAVE_STRING_H 1
| #define HAVE_MEMORY_H 1
| #define HAVE_STRINGS_H 1
| #define HAVE_INTTYPES_H 1
| #define HAVE_STDINT_H 1
| #define HAVE_UNISTD_H 1
| #define __EXTENSIONS__ 1
| #define _ALL_SOURCE 1
| #define _GNU_SOURCE 1
| #define _POSIX_PTHREAD_SEMANTICS 1
| #define _TANDEM_SOURCE 1
| /* end confdefs.h.  */
| #include <stdarg.h>
| #include <stdbool.h>
| #include <stdlib.h>
| #include <wchar.h>
| #include <stdio.h>
| 
| // Check varargs macros.  These examples are taken from C99 6.10.3.5.
| #define debug(...) fprintf (stderr, __VA_ARGS__)
| #define showlist(...) puts (#__VA_ARGS__)
| #define report(test,...) ((test) ? puts (#test) : printf (__VA_ARGS__))
| static void
| test_varargs_macros (void)
| {
|   int x = 1234;
|   int y = 5678;
|   debug ("Flag");
|   debug ("X = %d\n", x);
|   showlist (The first, second, and third items.);
|   report (x>y, "x is %d but y is %d", x, y);
| }
| 
| // Check long long types.
| #define BIG64 18446744073709551615ull
| #define BIG32 4294967295ul
| #define BIG_OK (BIG64 / BIG32 == 4294967297ull && BIG64 % BIG32 == 0)
| #if !BIG_OK
|   your preprocessor is broken;
| #endif
| #if BIG_OK
| #else
|   your preprocessor is broken;
| #endif
| static long long int bignum = -9223372036854775807LL;
| static unsigned long long int ubignum = BIG64;
| 
| struct incomplete_array
| {
|   int datasize;
|   double data[];
| };
| 
| struct named_init {
|   int number;
|   const wchar_t *name;
|   double average;
| };
| 
| typedef const char *ccp;
| 
| static inline int
| test_restrict (ccp restrict text)
| {
|   // See if C++-style comments work.
|   // Iterate through items via the restricted pointer.
|   // Also check for declarations in for loops.
|   for (unsigned int i = 0; *(text+i) != '\0'; ++i)
|     continue;
|   return 0;
| }
| 
| // Check varargs and va_copy.
| static void
| test_varargs (const char *format, ...)
| {
|   va_list args;
|   va_start (args, format);
|   va_list args_copy;
|   va_copy (args_copy, args);
| 
|   const char *str;
|   int number;
|   float fnumber;
| 
|   while (*format)
|     {
|       switch (*format++)
| 	{
| 	case 's': // string
| 	  str = va_arg (args_copy, const char *);
| 	  break;
| 	case 'd': // int
| 	  number = va_arg (args_copy, int);
| 	  break;
| 	case 'f': // float
| 	  fnumber = va_arg (args_copy, double);
| 	  break;
| 	default:
| 	  break;
| 	}
|     }
|   va_end (args_copy);
|   va_end (args);
| }
| 
| int
| main ()
| {
| 
|   // Check bool.
|   _Bool success = false;
| 
|   // Check restrict.
|   if (test_restrict ("String literal") == 0)
|     success = true;
|   char *restrict newvar = "Another string";
| 
|   // Check varargs.
|   test_varargs ("s, d' f .", "string", 65, 34.234);
|   test_varargs_macros ();
| 
|   // Check flexible array members.
|   struct incomplete_array *ia =
|     malloc (sizeof (struct incomplete_array) + (sizeof (double) * 10));
|   ia->datasize = 10;
|   for (int i = 0; i < ia->datasize; ++i)
|     ia->data[i] = i * 1.234;
| 
|   // Check named initializers.
|   struct named_init ni = {
|     .number = 34,
|     .name = L"Test wide string",
|     .average = 543.34343,
|   };
| 
|   ni.number = 58;
| 
|   int dynamic_array[ni.number];
|   dynamic_array[ni.number - 1] = 543;
| 
|   // work around unused variable warnings
|   return (!success || bignum == 0LL || ubignum == 0uLL || newvar[0] == 'x'
| 	  || dynamic_array[ni.number - 1] != 543);
| 
|   ;
|   return 0;
| }
configure:5529: result: unsupported
configure:5539: checking for gcc option to accept ISO C89
configure:5615: result: none needed
configure:5634: checking for gcc option to accept ISO Standard C
configure:5645: result: none needed
configure:5658: checking how to run the C++ preprocessor
configure:5685: g++ -E  conftest.cpp
configure:5685: $? = 0
configure:5699: g++ -E  conftest.cpp
conftest.cpp:26:10: fatal error: 'ac_nonexistent.h' file not found
#include <ac_nonexistent.h>
         ^
1 error generated.
configure:5699: $? = 1
configure: failed program was:
| /* confdefs.h */
| #define PACKAGE_NAME "graph-tool"
| #define PACKAGE_TARNAME "graph-tool"
| #define PACKAGE_VERSION "2.12"
| #define PACKAGE_STRING "graph-tool 2.12"
| #define PACKAGE_BUGREPORT "http://graph-tool.skewed.de/tickets"
| #define PACKAGE_URL "http://graph-tool.skewed.de"
| #define PACKAGE "graph-tool"
| #define VERSION "2.12"
| #define STDC_HEADERS 1
| #define HAVE_SYS_TYPES_H 1
| #define HAVE_SYS_STAT_H 1
| #define HAVE_STDLIB_H 1
| #define HAVE_STRING_H 1
| #define HAVE_MEMORY_H 1
| #define HAVE_STRINGS_H 1
| #define HAVE_INTTYPES_H 1
| #define HAVE_STDINT_H 1
| #define HAVE_UNISTD_H 1
| #define __EXTENSIONS__ 1
| #define _ALL_SOURCE 1
| #define _GNU_SOURCE 1
| #define _POSIX_PTHREAD_SEMANTICS 1
| #define _TANDEM_SOURCE 1
| /* end confdefs.h.  */
| #include <ac_nonexistent.h>
configure:5724: result: g++ -E
configure:5744: g++ -E  conftest.cpp
configure:5744: $? = 0
configure:5758: g++ -E  conftest.cpp
conftest.cpp:26:10: fatal error: 'ac_nonexistent.h' file not found
#include <ac_nonexistent.h>
         ^
1 error generated.
configure:5758: $? = 1
configure: failed program was:
| /* confdefs.h */
| #define PACKAGE_NAME "graph-tool"
| #define PACKAGE_TARNAME "graph-tool"
| #define PACKAGE_VERSION "2.12"
| #define PACKAGE_STRING "graph-tool 2.12"
| #define PACKAGE_BUGREPORT "http://graph-tool.skewed.de/tickets"
| #define PACKAGE_URL "http://graph-tool.skewed.de"
| #define PACKAGE "graph-tool"
| #define VERSION "2.12"
| #define STDC_HEADERS 1
| #define HAVE_SYS_TYPES_H 1
| #define HAVE_SYS_STAT_H 1
| #define HAVE_STDLIB_H 1
| #define HAVE_STRING_H 1
| #define HAVE_MEMORY_H 1
| #define HAVE_STRINGS_H 1
| #define HAVE_INTTYPES_H 1
| #define HAVE_STDINT_H 1
| #define HAVE_UNISTD_H 1
| #define __EXTENSIONS__ 1
| #define _ALL_SOURCE 1
| #define _GNU_SOURCE 1
| #define _POSIX_PTHREAD_SEMANTICS 1
| #define _TANDEM_SOURCE 1
| /* end confdefs.h.  */
| #include <ac_nonexistent.h>
configure:5787: checking for ANSI C header files
configure:5891: result: yes
configure:5932: WARNING: Libtool does not cope well with whitespace in `pwd`
configure:5976: checking how to print strings
configure:6003: result: printf
configure:6024: checking for a sed that does not truncate output
configure:6088: result: /usr/bin/sed
configure:6106: checking for fgrep
configure:6168: result: /usr/bin/grep -F
configure:6203: checking for ld used by gcc
configure:6270: result: /Applications/Xcode.app/Contents/Developer/Toolchains/XcodeDefault.xctoolchain/usr/bin/ld
configure:6277: checking if the linker (/Applications/Xcode.app/Contents/Developer/Toolchains/XcodeDefault.xctoolchain/usr/bin/ld) is GNU ld
configure:6292: result: no
configure:6304: checking for BSD- or MS-compatible name lister (nm)
configure:6358: result: /opt/local/bin/nm
configure:6488: checking the name lister (/opt/local/bin/nm) interface
configure:6495: g++ -c   conftest.cpp >&5
configure:6498: /opt/local/bin/nm "conftest.o"
configure:6501: output
0000000000000000 S _some_variable
configure:6508: result: BSD nm
configure:6511: checking whether ln -s works
configure:6515: result: yes
configure:6523: checking the maximum length of command line arguments
configure:6654: result: 196608
configure:6702: checking how to convert x86_64-apple-darwin15.2.0 file names to x86_64-apple-darwin15.2.0 format
configure:6742: result: func_convert_file_noop
configure:6749: checking how to convert x86_64-apple-darwin15.2.0 file names to toolchain format
configure:6769: result: func_convert_file_noop
configure:6776: checking for /Applications/Xcode.app/Contents/Developer/Toolchains/XcodeDefault.xctoolchain/usr/bin/ld option to reload object files
configure:6783: result: -r
configure:6857: checking for objdump
configure:6887: result: no
configure:6916: checking how to recognize dependent libraries
configure:7116: result: pass_all
configure:7201: checking for dlltool
configure:7231: result: no
configure:7261: checking how to associate runtime and link libraries
configure:7288: result: printf %s\n
configure:7348: checking for ar
configure:7364: found /opt/local/bin/ar
configure:7375: result: ar
configure:7412: checking for archiver @FILE support
configure:7429: g++ -c   conftest.cpp >&5
configure:7429: $? = 0
configure:7432: ar cru libconftest.a @conftest.lst >&5
ar: @conftest.lst: No such file or directory
configure:7435: $? = 1
configure:7455: result: no
configure:7513: checking for strip
configure:7529: found /opt/local/bin/strip
configure:7540: result: strip
configure:7612: checking for ranlib
configure:7628: found /opt/local/bin/ranlib
configure:7639: result: ranlib
configure:7741: checking command to parse /opt/local/bin/nm output from gcc object
configure:7894: g++ -c   conftest.cpp >&5
configure:7897: $? = 0
configure:7901: /opt/local/bin/nm conftest.o \| sed -n -e 's/^.*[ ]\([BCDEGRST][BCDEGRST]*\)[ ][ ]*\([_A-Za-z][_A-Za-z0-9]*\)$/\1 \2 \2/p' | sed '/ __gnu_lto/d' \> conftest.nm
configure:7904: $? = 0
cannot find nm_test_var in conftest.nm
configure:7894: g++ -c   conftest.cpp >&5
configure:7897: $? = 0
configure:7901: /opt/local/bin/nm conftest.o \| sed -n -e 's/^.*[ ]\([BCDEGRST][BCDEGRST]*\)[ ][ ]*_\([_A-Za-z][_A-Za-z0-9]*\)$/\1 _\2 \2/p' | sed '/ __gnu_lto/d' \> conftest.nm
configure:7904: $? = 0
configure:7970: g++ -o conftest    conftest.cpp conftstm.o >&5
configure:7973: $? = 0
configure:8011: result: ok
configure:8058: checking for sysroot
configure:8088: result: no
configure:8095: checking for a working dd
configure:8133: result: /bin/dd
configure:8137: checking how to truncate binary pipes
configure:8152: result: /bin/dd bs=4096 count=1
configure:8481: checking for mt
configure:8511: result: no
configure:8531: checking if : is a manifest tool
configure:8537: : '-?'
configure:8545: result: no
configure:8601: checking for dsymutil
configure:8617: found /usr/bin/dsymutil
configure:8628: result: dsymutil
configure:8693: checking for nmedit
configure:8709: found /opt/local/bin/nmedit
configure:8720: result: nmedit
configure:8785: checking for lipo
configure:8801: found /opt/local/bin/lipo
configure:8812: result: lipo
configure:8877: checking for otool
configure:8893: found /opt/local/bin/otool
configure:8904: result: otool
configure:8969: checking for otool64
configure:8999: result: no
configure:9044: checking for -single_module linker flag
gcc -g -O2  -o libconftest.dylib -dynamiclib -Wl,-single_module conftest.c
configure:9077: result: yes
configure:9080: checking for -exported_symbols_list linker flag
configure:9100: g++ -o conftest    -Wl,-exported_symbols_list,conftest.sym conftest.cpp  >&5
configure:9100: $? = 0
configure:9110: result: yes
configure:9113: checking for -force_load linker flag
gcc -g -O2 -c -o conftest.o conftest.c
ar cru libconftest.a conftest.o
ranlib libconftest.a
gcc -g -O2  -o conftest conftest.c -Wl,-force_load,./libconftest.a
configure:9145: result: yes
configure:9219: checking for dlfcn.h
configure:9219: g++ -c   conftest.cpp >&5
configure:9219: $? = 0
configure:9219: result: yes
configure:9455: checking for objdir
configure:9470: result: .libs
configure:9730: checking if gcc supports -fno-rtti -fno-exceptions
configure:9748: gcc -c -g -O2  -fno-rtti -fno-exceptions conftest.c >&5
configure:9752: $? = 0
configure:9765: result: yes
configure:10123: checking for gcc option to produce PIC
configure:10130: result: -fno-common -DPIC
configure:10138: checking if gcc PIC flag -fno-common -DPIC works
configure:10156: gcc -c -g -O2  -fno-common -DPIC -DPIC conftest.c >&5
configure:10160: $? = 0
configure:10173: result: yes
configure:10202: checking if gcc static flag -static works
configure:10230: result: no
configure:10245: checking if gcc supports -c -o file.o
configure:10266: gcc -c -g -O2  -o out/conftest2.o conftest.c >&5
configure:10270: $? = 0
configure:10292: result: yes
configure:10300: checking if gcc supports -c -o file.o
configure:10347: result: yes
configure:10380: checking whether the gcc linker (/Applications/Xcode.app/Contents/Developer/Toolchains/XcodeDefault.xctoolchain/usr/bin/ld) supports shared libraries
configure:11639: result: yes
configure:11879: checking dynamic linker characteristics
configure:12697: result: darwin15.2.0 dyld
configure:12819: checking how to hardcode library paths into programs
configure:12844: result: immediate
configure:13392: checking whether stripping libraries is possible
configure:13406: result: yes
configure:13432: checking if libtool supports shared libraries
configure:13434: result: yes
configure:13437: checking whether to build shared libraries
configure:13462: result: yes
configure:13465: checking whether to build static libraries
configure:13469: result: no
configure:13492: checking how to run the C++ preprocessor
configure:13558: result: g++ -E
configure:13578: g++ -E  conftest.cpp
configure:13578: $? = 0
configure:13592: g++ -E  conftest.cpp
conftest.cpp:29:10: fatal error: 'ac_nonexistent.h' file not found
#include <ac_nonexistent.h>
         ^
1 error generated.
configure:13592: $? = 1
configure: failed program was:
| /* confdefs.h */
| #define PACKAGE_NAME "graph-tool"
| #define PACKAGE_TARNAME "graph-tool"
| #define PACKAGE_VERSION "2.12"
| #define PACKAGE_STRING "graph-tool 2.12"
| #define PACKAGE_BUGREPORT "http://graph-tool.skewed.de/tickets"
| #define PACKAGE_URL "http://graph-tool.skewed.de"
| #define PACKAGE "graph-tool"
| #define VERSION "2.12"
| #define STDC_HEADERS 1
| #define HAVE_SYS_TYPES_H 1
| #define HAVE_SYS_STAT_H 1
| #define HAVE_STDLIB_H 1
| #define HAVE_STRING_H 1
| #define HAVE_MEMORY_H 1
| #define HAVE_STRINGS_H 1
| #define HAVE_INTTYPES_H 1
| #define HAVE_STDINT_H 1
| #define HAVE_UNISTD_H 1
| #define __EXTENSIONS__ 1
| #define _ALL_SOURCE 1
| #define _GNU_SOURCE 1
| #define _POSIX_PTHREAD_SEMANTICS 1
| #define _TANDEM_SOURCE 1
| #define STDC_HEADERS 1
| #define HAVE_DLFCN_H 1
| #define LT_OBJDIR ".libs/"
| /* end confdefs.h.  */
| #include <ac_nonexistent.h>
configure:13754: checking for ld used by g++
configure:13821: result: /Applications/Xcode.app/Contents/Developer/Toolchains/XcodeDefault.xctoolchain/usr/bin/ld
configure:13828: checking if the linker (/Applications/Xcode.app/Contents/Developer/Toolchains/XcodeDefault.xctoolchain/usr/bin/ld) is GNU ld
configure:13843: result: no
configure:13898: checking whether the g++ linker (/Applications/Xcode.app/Contents/Developer/Toolchains/XcodeDefault.xctoolchain/usr/bin/ld) supports shared libraries
configure:14971: result: yes
configure:15007: g++ -c   conftest.cpp >&5
configure:15010: $? = 0
configure:15491: checking for g++ option to produce PIC
configure:15498: result: -fno-common -DPIC
configure:15506: checking if g++ PIC flag -fno-common -DPIC works
configure:15524: g++ -c   -fno-common -DPIC -DPIC conftest.cpp >&5
configure:15528: $? = 0
configure:15541: result: yes
configure:15564: checking if g++ static flag -static works
configure:15592: result: no
configure:15604: checking if g++ supports -c -o file.o
configure:15625: g++ -c   -o out/conftest2.o conftest.cpp >&5
configure:15629: $? = 0
configure:15651: result: yes
configure:15656: checking if g++ supports -c -o file.o
configure:15703: result: yes
configure:15733: checking whether the g++ linker (/Applications/Xcode.app/Contents/Developer/Toolchains/XcodeDefault.xctoolchain/usr/bin/ld) supports shared libraries
configure:15773: result: yes
configure:15914: checking dynamic linker characteristics
configure:16659: result: darwin15.2.0 dyld
configure:16724: checking how to hardcode library paths into programs
configure:16749: result: immediate
configure:16819: checking whether g++ supports C++14 features by default
configure:16879: g++ -c   conftest.cpp >&5
conftest.cpp:33:21: error: expected parameter declarator
      static_assert(sizeof(int) <= sizeof(T), "not big enough");
                    ^
conftest.cpp:33:21: error: expected ')'
conftest.cpp:33:20: note: to match this '('
      static_assert(sizeof(int) <= sizeof(T), "not big enough");
                   ^
conftest.cpp:33:7: error: C++ requires a type specifier for all declarations
      static_assert(sizeof(int) <= sizeof(T), "not big enough");
      ^
conftest.cpp:40:22: warning: 'override' keyword is a C++11 extension [-Wc++11-extensions]
    virtual void f() override {}
                     ^
conftest.cpp:43:29: error: a space is required between consecutive right angle brackets (use '> >')
    typedef check<check<bool>> right_angle_brackets;
                            ^~
                            > >
conftest.cpp:46:5: error: unknown type name 'decltype'
    decltype(a) b;
    ^
conftest.cpp:46:16: error: expected ';' after top level declarator
    decltype(a) b;
               ^
               ;
conftest.cpp:50:15: warning: rvalue references are a C++11 extension [-Wc++11-extensions]
    check_type&& cr = static_cast<check_type&&>(c);
              ^
conftest.cpp:50:45: warning: rvalue references are a C++11 extension [-Wc++11-extensions]
    check_type&& cr = static_cast<check_type&&>(c);
                                            ^
conftest.cpp:52:5: warning: 'auto' type specifier is a C++11 extension [-Wc++11-extensions]
    auto d = a;
    ^
conftest.cpp:53:5: warning: 'auto' type specifier is a C++11 extension [-Wc++11-extensions]
    auto l = [](){};
    ^
conftest.cpp:53:14: error: expected expression
    auto l = [](){};
             ^
conftest.cpp:57:5: warning: 'auto' type specifier is a C++11 extension [-Wc++11-extensions]
    auto la = [](auto p){};
    ^
conftest.cpp:57:15: error: expected expression
    auto la = [](auto p){};
              ^
conftest.cpp:66:24: warning: alias declarations are a C++11 extension [-Wc++11-extensions]
        using member = typename T::member_type;
                       ^
7 warnings and 8 errors generated.
configure:16879: $? = 1
configure: failed program was:
| /* confdefs.h */
| #define PACKAGE_NAME "graph-tool"
| #define PACKAGE_TARNAME "graph-tool"
| #define PACKAGE_VERSION "2.12"
| #define PACKAGE_STRING "graph-tool 2.12"
| #define PACKAGE_BUGREPORT "http://graph-tool.skewed.de/tickets"
| #define PACKAGE_URL "http://graph-tool.skewed.de"
| #define PACKAGE "graph-tool"
| #define VERSION "2.12"
| #define STDC_HEADERS 1
| #define HAVE_SYS_TYPES_H 1
| #define HAVE_SYS_STAT_H 1
| #define HAVE_STDLIB_H 1
| #define HAVE_STRING_H 1
| #define HAVE_MEMORY_H 1
| #define HAVE_STRINGS_H 1
| #define HAVE_INTTYPES_H 1
| #define HAVE_STDINT_H 1
| #define HAVE_UNISTD_H 1
| #define __EXTENSIONS__ 1
| #define _ALL_SOURCE 1
| #define _GNU_SOURCE 1
| #define _POSIX_PTHREAD_SEMANTICS 1
| #define _TANDEM_SOURCE 1
| #define STDC_HEADERS 1
| #define HAVE_DLFCN_H 1
| #define LT_OBJDIR ".libs/"
| /* end confdefs.h.  */
| 
|   template <typename T>
|     struct check
|     {
|       static_assert(sizeof(int) <= sizeof(T), "not big enough");
|     };
| 
|     struct Base {
|     virtual void f() {}
|     };
|     struct Child : public Base {
|     virtual void f() override {}
|     };
| 
|     typedef check<check<bool>> right_angle_brackets;
| 
|     int a;
|     decltype(a) b;
| 
|     typedef check<int> check_type;
|     check_type c;
|     check_type&& cr = static_cast<check_type&&>(c);
| 
|     auto d = a;
|     auto l = [](){};
|     // Prevent Clang error: unused variable 'l' [-Werror,-Wunused-variable]
|     struct use_l { use_l() { l(); } };
| 
|     auto la = [](auto p){};
|     struct use_la { use_la() { int a=0; la(a); } };
| 
|     // http://stackoverflow.com/questions/13728184/template-aliases-and-sfinae
|     // Clang 3.1 fails with headers of libstd++ 4.8.3 when using std::function because of this
|     namespace test_template_alias_sfinae {
|         struct foo {};
| 
|         template<typename T>
|         using member = typename T::member_type;
| 
|         template<typename T>
|         void func(...) {}
| 
|         template<typename T>
|         void func(member<T>*) {}
| 
|         void test();
| 
|         void test() {
|             func<foo>(0);
|         }
|     }
| 
configure:16886: result: no
configure:16895: checking whether g++ supports C++14 features with -std=gnu++14
configure:16957: g++ -c  -std=gnu++14  conftest.cpp >&5
configure:16957: $? = 0
configure:16966: result: yes
configure:17006: checking whether to enable debug info
configure:17026: result: no
configure:17036: checking whether to enable function inlining...
configure:17056: result: yes
configure:17071: checking whether to enable optimizations
configure:17087: result: yes
configure:17093: checking whether to enable symbol visibility manipulation
configure:17109: result: yes
configure:17132: checking whether to enable parallel algorithms with openmp
configure:17153: result: no
configure:17161: checking whether to enable cairo drawing
configure:17175: result: yes
configure:17187: checking for main in -lm
configure:17206: g++ -o conftest -Wall -Wextra -ftemplate-backtrace-limit=0  -std=gnu++14 -DNDEBUG -ftemplate-depth-250 -Wno-deprecated -Wno-unknown-pragmas -O3 -fvisibility=default -fvisibility-inlines-hidden -Wno-unknown-pragmas   conftest.cpp -lm   >&5
configure:17206: $? = 0
configure:17215: result: yes
configure:17227: checking for main in -lbz2
configure:17246: g++ -o conftest -Wall -Wextra -ftemplate-backtrace-limit=0  -std=gnu++14 -DNDEBUG -ftemplate-depth-250 -Wno-deprecated -Wno-unknown-pragmas -O3 -fvisibility=default -fvisibility-inlines-hidden -Wno-unknown-pragmas   conftest.cpp -lbz2  -lm  >&5
configure:17246: $? = 0
configure:17255: result: yes
configure:17267: checking for main in -lexpat
configure:17286: g++ -o conftest -Wall -Wextra -ftemplate-backtrace-limit=0  -std=gnu++14 -DNDEBUG -ftemplate-depth-250 -Wno-deprecated -Wno-unknown-pragmas -O3 -fvisibility=default -fvisibility-inlines-hidden -Wno-unknown-pragmas   conftest.cpp -lexpat  -lbz2 -lm  >&5
configure:17286: $? = 0
configure:17295: result: yes
configure:17345: checking for a Python interpreter with version >= 2.6
configure:17362: python -c import sys # split strings by '.' and convert to numeric. Append some zeros # because we need at least 4 digits for the hex conversion. # map returns an iterator in Python 3.0 and a list in 2.x minver = list(map(int, '2.6'.split('.'))) + [0, 0, 0] minverhex = 0 # xrange is not present in Python 3.0 and range returns an iterator for i in list(range(0, 4)): minverhex = (minverhex << 8) + minver[i] sys.exit(sys.hexversion < minverhex)
configure:17365: $? = 0
configure:17371: result: python
configure:17379: checking for python
configure:17397: found /usr/bin/python
configure:17409: result: /usr/bin/python
configure:17427: checking for python version
configure:17434: result: 2.7
configure:17446: checking for python platform
configure:17453: result: darwin
configure:17479: checking for python script directory
configure:17514: result: ${prefix}/lib/python2.7/site-packages
configure:17523: checking for python extension module directory
configure:17558: result: ${exec_prefix}/lib/python2.7/site-packages
configure:17583: checking for python2.7
configure:17613: result: /usr/bin/python
configure:17629: checking for a version of Python >= '2.1.0'
configure:17655: result: yes
configure:17663: checking for a version of Python == '2.7.10'
configure:17669: result: yes
configure:17686: checking for the distutils Python package
configure:17690: result: yes
configure:17704: checking for Python include path
configure:17720: result: -I/System/Library/Frameworks/Python.framework/Versions/2.7/include/python2.7
configure:17727: checking for Python library path
configure:17804: result: -L/System/Library/Frameworks/Python.framework/Versions/2.7/lib -lpython2.7
configure:17811: checking for Python site-packages path
configure:17817: result: /Library/Python/2.7/site-packages
configure:17824: checking python extra libraries
configure:17831: result: -ldl  -framework CoreFoundation 
configure:17838: checking python extra linking flags
configure:17845: result: -u _PyMac_Error /System/Library/Frameworks/Python.framework/Versions/2.7/Python
configure:17852: checking consistency of all components of python development environment
configure:17878: gcc -o conftest -g -O2  -I/System/Library/Frameworks/Python.framework/Versions/2.7/include/python2.7  conftest.c -lexpat -lbz2 -lm  -L/System/Library/Frameworks/Python.framework/Versions/2.7/lib -lpython2.7 -u _PyMac_Error /System/Library/Frameworks/Python.framework/Versions/2.7/Python -ldl  -framework CoreFoundation  >&5
configure:17878: $? = 0
configure:17895: result: yes
configure:17989: checking for boostlib >= 1.54.0
configure:18043: g++ -c -Wall -Wextra -ftemplate-backtrace-limit=0  -std=gnu++14 -DNDEBUG -ftemplate-depth-250 -Wno-deprecated -Wno-unknown-pragmas -O3 -fvisibility=default -fvisibility-inlines-hidden -Wno-unknown-pragmas  -I/System/Library/Frameworks/Python.framework/Versions/2.7/include/python2.7 -I/usr/local/include conftest.cpp >&5
configure:18043: $? = 0
configure:18045: result: yes
configure:18179: checking whether the Boost::Python library is available
configure:18209: g++ -c -Wall -Wextra -ftemplate-backtrace-limit=0  -std=gnu++14 -DNDEBUG -ftemplate-depth-250 -Wno-deprecated -Wno-unknown-pragmas -O3 -fvisibility=default -fvisibility-inlines-hidden -Wno-unknown-pragmas -I/System/Library/Frameworks/Python.framework/Versions/2.7/include/python2.7  -I/System/Library/Frameworks/Python.framework/Versions/2.7/include/python2.7 conftest.cpp >&5
configure:18209: $? = 0
configure:18224: result: yes
configure:18243: checking for exit in -lboost_python
configure:18268: g++ -o conftest -Wall -Wextra -ftemplate-backtrace-limit=0  -std=gnu++14 -DNDEBUG -ftemplate-depth-250 -Wno-deprecated -Wno-unknown-pragmas -O3 -fvisibility=default -fvisibility-inlines-hidden -Wno-unknown-pragmas  -I/System/Library/Frameworks/Python.framework/Versions/2.7/include/python2.7  -L/System/Library/Frameworks/Python.framework/Versions/2.7/lib -lpython2.7 conftest.cpp -lboost_python -L/System/Library/Frameworks/Python.framework/Versions/2.7/lib -lpython2.7 -lexpat -lbz2 -lm  >&5
configure:18268: $? = 0
configure:18278: result: yes
configure:18291: checking whether the Boost::Iostreams library is available
configure:18325: g++ -c -Wall -Wextra -ftemplate-backtrace-limit=0  -std=gnu++14 -DNDEBUG -ftemplate-depth-250 -Wno-deprecated -Wno-unknown-pragmas -O3 -fvisibility=default -fvisibility-inlines-hidden -Wno-unknown-pragmas  -I/System/Library/Frameworks/Python.framework/Versions/2.7/include/python2.7 conftest.cpp >&5
configure:18325: $? = 0
configure:18340: result: yes
configure:18358: checking for exit in -lboost_iostreams
configure:18383: g++ -o conftest -Wall -Wextra -ftemplate-backtrace-limit=0  -std=gnu++14 -DNDEBUG -ftemplate-depth-250 -Wno-deprecated -Wno-unknown-pragmas -O3 -fvisibility=default -fvisibility-inlines-hidden -Wno-unknown-pragmas  -I/System/Library/Frameworks/Python.framework/Versions/2.7/include/python2.7  -L/System/Library/Frameworks/Python.framework/Versions/2.7/lib -lpython2.7 conftest.cpp -lboost_iostreams  -lexpat -lbz2 -lm  >&5
configure:18383: $? = 0
configure:18393: result: yes
configure:18406: checking whether the Boost::Regex library is available
configure:18435: g++ -c -Wall -Wextra -ftemplate-backtrace-limit=0  -std=gnu++14 -DNDEBUG -ftemplate-depth-250 -Wno-deprecated -Wno-unknown-pragmas -O3 -fvisibility=default -fvisibility-inlines-hidden -Wno-unknown-pragmas  -I/System/Library/Frameworks/Python.framework/Versions/2.7/include/python2.7 conftest.cpp >&5
conftest.cpp:42:15: warning: empty parentheses interpreted as a function declaration [-Wvexing-parse]
boost::regex r(); return 0;
              ^~
conftest.cpp:42:15: note: remove parentheses to declare a variable
boost::regex r(); return 0;
              ^~
1 warning generated.
configure:18435: $? = 0
configure:18450: result: yes
configure:18468: checking for exit in -lboost_regex
configure:18493: g++ -o conftest -Wall -Wextra -ftemplate-backtrace-limit=0  -std=gnu++14 -DNDEBUG -ftemplate-depth-250 -Wno-deprecated -Wno-unknown-pragmas -O3 -fvisibility=default -fvisibility-inlines-hidden -Wno-unknown-pragmas  -I/System/Library/Frameworks/Python.framework/Versions/2.7/include/python2.7  -L/System/Library/Frameworks/Python.framework/Versions/2.7/lib -lpython2.7 conftest.cpp -lboost_regex  -lexpat -lbz2 -lm  >&5
configure:18493: $? = 0
configure:18503: result: yes
configure:18549: checking whether the Boost::Coroutine library is available
configure:18573: g++ -c -Wall -Wextra -ftemplate-backtrace-limit=0  -std=gnu++14 -DNDEBUG -ftemplate-depth-250 -Wno-deprecated -Wno-unknown-pragmas -O3 -fvisibility=default -fvisibility-inlines-hidden -Wno-unknown-pragmas  -I/System/Library/Frameworks/Python.framework/Versions/2.7/include/python2.7 -I/usr/local/include conftest.cpp >&5
conftest.cpp:41:51: warning: unused variable 'f' [-Wunused-variable]
boost::coroutines::asymmetric_coroutine< void() > f;
                                                  ^
1 warning generated.
configure:18573: $? = 0
configure:18588: result: yes
configure:18600: checking for exit in -lboost_coroutine-mt
configure:18625: g++ -o conftest -Wall -Wextra -ftemplate-backtrace-limit=0  -std=gnu++14 -DNDEBUG -ftemplate-depth-250 -Wno-deprecated -Wno-unknown-pragmas -O3 -fvisibility=default -fvisibility-inlines-hidden -Wno-unknown-pragmas  -I/System/Library/Frameworks/Python.framework/Versions/2.7/include/python2.7 -I/usr/local/include  -L/System/Library/Frameworks/Python.framework/Versions/2.7/lib -lpython2.7 -L/usr/local/lib conftest.cpp -lboost_coroutine-mt  -lexpat -lbz2 -lm  >&5
configure:18625: $? = 0
configure:18635: result: yes
configure:18768: checking whether the Boost::Graph library is available
configure:18799: g++ -c -Wall -Wextra -ftemplate-backtrace-limit=0  -std=gnu++14 -DNDEBUG -ftemplate-depth-250 -Wno-deprecated -Wno-unknown-pragmas -O3 -fvisibility=default -fvisibility-inlines-hidden -Wno-unknown-pragmas  -I/System/Library/Frameworks/Python.framework/Versions/2.7/include/python2.7 conftest.cpp >&5
configure:18799: $? = 0
configure:18814: result: yes
configure:18832: checking for exit in -lboost_graph
configure:18857: g++ -o conftest -Wall -Wextra -ftemplate-backtrace-limit=0  -std=gnu++14 -DNDEBUG -ftemplate-depth-250 -Wno-deprecated -Wno-unknown-pragmas -O3 -fvisibility=default -fvisibility-inlines-hidden -Wno-unknown-pragmas  -I/System/Library/Frameworks/Python.framework/Versions/2.7/include/python2.7  -L/System/Library/Frameworks/Python.framework/Versions/2.7/lib -lpython2.7 conftest.cpp -lboost_graph  -lexpat -lbz2 -lm  >&5
configure:18857: $? = 0
configure:18867: result: yes
configure:18883: checking for main in -lCGAL
configure:18902: g++ -o conftest -Wall -Wextra -ftemplate-backtrace-limit=0  -std=gnu++14 -DNDEBUG -ftemplate-depth-250 -Wno-deprecated -Wno-unknown-pragmas -O3 -fvisibility=default -fvisibility-inlines-hidden -Wno-unknown-pragmas  -I/System/Library/Frameworks/Python.framework/Versions/2.7/include/python2.7 -I/usr/local/include  -L/System/Library/Frameworks/Python.framework/Versions/2.7/lib -lpython2.7 conftest.cpp -lCGAL  -lexpat -lbz2 -lm  >&5
configure:18902: $? = 0
configure:18911: result: yes
configure:18925: checking whether to enable cgal debbuging with valgrind
configure:18939: result: no
configure:18953: checking python module: numpy
configure:18958: result: yes
configure:18981: checking for /System/Library/Frameworks/Python.framework/Versions/2.7/Extras/lib/python/numpy/core/include/numpy/arrayobject.h
configure:18981: g++ -c -Wall -Wextra -ftemplate-backtrace-limit=0  -std=gnu++14 -DNDEBUG -ftemplate-depth-250 -Wno-deprecated -Wno-unknown-pragmas -O3 -fvisibility=default -fvisibility-inlines-hidden -Wno-unknown-pragmas  -I/System/Library/Frameworks/Python.framework/Versions/2.7/include/python2.7 -I/usr/local/include conftest.cpp >&5
In file included from conftest.cpp:42:
In file included from /System/Library/Frameworks/Python.framework/Versions/2.7/Extras/lib/python/numpy/core/include/numpy/arrayobject.h:4:
In file included from /System/Library/Frameworks/Python.framework/Versions/2.7/Extras/lib/python/numpy/core/include/numpy/ndarrayobject.h:17:
In file included from /System/Library/Frameworks/Python.framework/Versions/2.7/Extras/lib/python/numpy/core/include/numpy/ndarraytypes.h:1760:
/System/Library/Frameworks/Python.framework/Versions/2.7/Extras/lib/python/numpy/core/include/numpy/npy_1_7_deprecated_api.h:15:2: warning: "Using deprecated NumPy API, disable it by "          "#defining NPY_NO_DEPRECATED_API NPY_1_7_API_VERSION" [-W#warnings]
#warning "Using deprecated NumPy API, disable it by " \
 ^
In file included from conftest.cpp:42:
In file included from /System/Library/Frameworks/Python.framework/Versions/2.7/Extras/lib/python/numpy/core/include/numpy/arrayobject.h:4:
In file included from /System/Library/Frameworks/Python.framework/Versions/2.7/Extras/lib/python/numpy/core/include/numpy/ndarrayobject.h:26:
/System/Library/Frameworks/Python.framework/Versions/2.7/Extras/lib/python/numpy/core/include/numpy/__multiarray_api.h:1629:1: warning: unused function '_import_array' [-Wunused-function]
_import_array(void)
^
2 warnings generated.
configure:18981: $? = 0
configure:18981: result: yes
configure:18994: g++ -c -Wall -Wextra -ftemplate-backtrace-limit=0  -std=gnu++14 -DNDEBUG -ftemplate-depth-250 -Wno-deprecated -Wno-unknown-pragmas -O3 -fvisibility=default -fvisibility-inlines-hidden -Wno-unknown-pragmas  -I/System/Library/Frameworks/Python.framework/Versions/2.7/include/python2.7 -I/usr/local/include -I/System/Library/Frameworks/Python.framework/Versions/2.7/Extras/lib/python/numpy/core/include conftest.cpp >&5
conftest.cpp:40:21: warning: extra tokens at end of #include directive [-Wextra-tokens]
#include "Python.h" #include "/System/Library/Frameworks/Python.framework/Versions/2.7/Extras/lib/python/numpy/core/include/numpy/arrayobject.h" #if NPY_API_VERSION < 0x00000007 #error #endif
                    ^
                    //
1 warning generated.
configure:18994: $? = 0
configure:19007: checking python module: scipy
configure:19012: result: yes
configure:19035: checking expat.h usability
configure:19035: g++ -c -Wall -Wextra -ftemplate-backtrace-limit=0  -std=gnu++14 -DNDEBUG -ftemplate-depth-250 -Wno-deprecated -Wno-unknown-pragmas -O3 -fvisibility=default -fvisibility-inlines-hidden -Wno-unknown-pragmas  -I/System/Library/Frameworks/Python.framework/Versions/2.7/include/python2.7 -I/usr/local/include -I/System/Library/Frameworks/Python.framework/Versions/2.7/Extras/lib/python/numpy/core/include conftest.cpp >&5
configure:19035: $? = 0
configure:19035: result: yes
configure:19035: checking expat.h presence
configure:19035: g++ -E  -I/System/Library/Frameworks/Python.framework/Versions/2.7/include/python2.7 -I/usr/local/include -I/System/Library/Frameworks/Python.framework/Versions/2.7/Extras/lib/python/numpy/core/include conftest.cpp
configure:19035: $? = 0
configure:19035: result: yes
configure:19035: checking for expat.h
configure:19035: result: yes
configure:19044: checking CGAL/version.h usability
configure:19044: g++ -c -Wall -Wextra -ftemplate-backtrace-limit=0  -std=gnu++14 -DNDEBUG -ftemplate-depth-250 -Wno-deprecated -Wno-unknown-pragmas -O3 -fvisibility=default -fvisibility-inlines-hidden -Wno-unknown-pragmas  -I/System/Library/Frameworks/Python.framework/Versions/2.7/include/python2.7 -I/usr/local/include -I/System/Library/Frameworks/Python.framework/Versions/2.7/Extras/lib/python/numpy/core/include conftest.cpp >&5
configure:19044: $? = 0
configure:19044: result: yes
configure:19044: checking CGAL/version.h presence
configure:19044: g++ -E  -I/System/Library/Frameworks/Python.framework/Versions/2.7/include/python2.7 -I/usr/local/include -I/System/Library/Frameworks/Python.framework/Versions/2.7/Extras/lib/python/numpy/core/include conftest.cpp
configure:19044: $? = 0
configure:19044: result: yes
configure:19044: checking for CGAL/version.h
configure:19044: result: yes
configure:19109: checking for pkg-config
configure:19127: found /opt/local/bin/pkg-config
configure:19139: result: /opt/local/bin/pkg-config
configure:19164: checking pkg-config is at least version 0.9.0
configure:19167: result: yes
configure:19177: checking for CAIROMM
configure:19184: $PKG_CONFIG --exists --print-errors "cairomm-1.0"
Package cairomm-1.0 was not found in the pkg-config search path.
Perhaps you should add the directory containing `cairomm-1.0.pc'
to the PKG_CONFIG_PATH environment variable
No package 'cairomm-1.0' found
configure:19187: $? = 1
configure:19201: $PKG_CONFIG --exists --print-errors "cairomm-1.0"
Package cairomm-1.0 was not found in the pkg-config search path.
Perhaps you should add the directory containing `cairomm-1.0.pc'
to the PKG_CONFIG_PATH environment variable
No package 'cairomm-1.0' found
configure:19204: $? = 1
configure:19218: result: no
No package 'cairomm-1.0' found
configure:19234: error: Package requirements (cairomm-1.0) were not met:

No package 'cairomm-1.0' found

Consider adjusting the PKG_CONFIG_PATH environment variable if you
installed software in a non-standard prefix.

Alternatively, you may set the environment variables CAIROMM_CFLAGS
and CAIROMM_LIBS to avoid the need to call pkg-config.
See the pkg-config man page for more details.

## ---------------- ##
## Cache variables. ##
## ---------------- ##

ac_cv_boost_graph=yes
ac_cv_boost_iostreams=yes
ac_cv_boost_python=yes
ac_cv_boost_regex=yes
ac_cv_build=x86_64-apple-darwin15.2.0
ac_cv_c_compiler_gnu=yes
ac_cv_cxx_compiler_gnu=yes
ac_cv_env_CAIROMM_CFLAGS_set=
ac_cv_env_CAIROMM_CFLAGS_value=
ac_cv_env_CAIROMM_LIBS_set=
ac_cv_env_CAIROMM_LIBS_value=
ac_cv_env_CCC_set=
ac_cv_env_CCC_value=
ac_cv_env_CC_set=
ac_cv_env_CC_value=
ac_cv_env_CFLAGS_set=
ac_cv_env_CFLAGS_value=
ac_cv_env_CPPFLAGS_set=
ac_cv_env_CPPFLAGS_value=
ac_cv_env_CPP_set=
ac_cv_env_CPP_value=
ac_cv_env_CXXCPP_set=
ac_cv_env_CXXCPP_value=
ac_cv_env_CXXFLAGS_set=
ac_cv_env_CXXFLAGS_value=
ac_cv_env_CXX_set=
ac_cv_env_CXX_value=
ac_cv_env_LDFLAGS_set=
ac_cv_env_LDFLAGS_value=
ac_cv_env_LIBS_set=
ac_cv_env_LIBS_value=
ac_cv_env_LT_SYS_LIBRARY_PATH_set=
ac_cv_env_LT_SYS_LIBRARY_PATH_value=
ac_cv_env_PKG_CONFIG_LIBDIR_set=
ac_cv_env_PKG_CONFIG_LIBDIR_value=
ac_cv_env_PKG_CONFIG_PATH_set=
ac_cv_env_PKG_CONFIG_PATH_value=
ac_cv_env_PKG_CONFIG_set=
ac_cv_env_PKG_CONFIG_value=
ac_cv_env_PYTHON_VERSION_set=
ac_cv_env_PYTHON_VERSION_value=
ac_cv_env_PYTHON_set=
ac_cv_env_PYTHON_value=
ac_cv_env_SPARSEHASH_CFLAGS_set=
ac_cv_env_SPARSEHASH_CFLAGS_value=
ac_cv_env_SPARSEHASH_LIBS_set=
ac_cv_env_SPARSEHASH_LIBS_value=
ac_cv_env_build_alias_set=
ac_cv_env_build_alias_value=
ac_cv_env_host_alias_set=
ac_cv_env_host_alias_value=
ac_cv_env_target_alias_set=
ac_cv_env_target_alias_value=
ac_cv_header_CGAL_version_h=yes
ac_cv_header__System_Library_Frameworks_Python_framework_Versions_2_7_Extras_lib_python_numpy_core_include_numpy_arrayobject_h=yes
ac_cv_header_dlfcn_h=yes
ac_cv_header_expat_h=yes
ac_cv_header_inttypes_h=yes
ac_cv_header_memory_h=yes
ac_cv_header_minix_config_h=no
ac_cv_header_stdc=yes
ac_cv_header_stdint_h=yes
ac_cv_header_stdlib_h=yes
ac_cv_header_string_h=yes
ac_cv_header_strings_h=yes
ac_cv_header_sys_stat_h=yes
ac_cv_header_sys_types_h=yes
ac_cv_header_unistd_h=yes
ac_cv_host=x86_64-apple-darwin15.2.0
ac_cv_lib_CGAL_main=yes
ac_cv_lib_boost_coroutine_mt___exit=yes
ac_cv_lib_boost_graph___exit=yes
ac_cv_lib_boost_iostreams___exit=yes
ac_cv_lib_boost_python___exit=yes
ac_cv_lib_boost_regex___exit=yes
ac_cv_lib_bz2_main=yes
ac_cv_lib_expat_main=yes
ac_cv_lib_m_main=yes
ac_cv_objext=o
ac_cv_path_EGREP='/usr/bin/grep -E'
ac_cv_path_FGREP='/usr/bin/grep -F'
ac_cv_path_GREP=/usr/bin/grep
ac_cv_path_PYTHON=/usr/bin/python
ac_cv_path_SED=/usr/bin/sed
ac_cv_path_ac_pt_PKG_CONFIG=/opt/local/bin/pkg-config
ac_cv_path_install='/usr/bin/install -c'
ac_cv_path_lt_DD=/bin/dd
ac_cv_prog_AWK=awk
ac_cv_prog_CPP='gcc -E'
ac_cv_prog_CXXCPP='g++ -E'
ac_cv_prog_ac_ct_AR=ar
ac_cv_prog_ac_ct_CC=gcc
ac_cv_prog_ac_ct_CXX=g++
ac_cv_prog_ac_ct_DSYMUTIL=dsymutil
ac_cv_prog_ac_ct_LIPO=lipo
ac_cv_prog_ac_ct_NMEDIT=nmedit
ac_cv_prog_ac_ct_OTOOL=otool
ac_cv_prog_ac_ct_RANLIB=ranlib
ac_cv_prog_ac_ct_STRIP=strip
ac_cv_prog_cc_c89=
ac_cv_prog_cc_c99=no
ac_cv_prog_cc_g=yes
ac_cv_prog_cc_stdc=
ac_cv_prog_cxx_g=yes
ac_cv_prog_make_make_set=yes
ac_cv_safe_to_define___extensions__=yes
ac_cv_search_strerror='none required'
ac_cv_target=x86_64-apple-darwin15.2.0
am_cv_CC_dependencies_compiler_type=gcc3
am_cv_CXX_dependencies_compiler_type=gcc3
am_cv_make_support_nested_variables=yes
am_cv_pathless_PYTHON=python
am_cv_prog_cc_c_o=yes
am_cv_python_platform=darwin
am_cv_python_pyexecdir='${exec_prefix}/lib/python2.7/site-packages'
am_cv_python_pythondir='${prefix}/lib/python2.7/site-packages'
am_cv_python_version=2.7
ax_cv_boost_coroutine=yes
ax_cv_cxx_compile_cxx14=no
ax_cv_cxx_compile_cxx14__std_gnupp14=yes
lt_cv_apple_cc_single_mod=yes
lt_cv_ar_at_file=no
lt_cv_deplibs_check_method=pass_all
lt_cv_file_magic_cmd='$MAGIC_CMD'
lt_cv_file_magic_test_file=
lt_cv_ld_exported_symbols_list=yes
lt_cv_ld_force_load=yes
lt_cv_ld_reload_flag=-r
lt_cv_nm_interface='BSD nm'
lt_cv_objdir=.libs
lt_cv_path_LD=/Applications/Xcode.app/Contents/Developer/Toolchains/XcodeDefault.xctoolchain/usr/bin/ld
lt_cv_path_LDCXX=/Applications/Xcode.app/Contents/Developer/Toolchains/XcodeDefault.xctoolchain/usr/bin/ld
lt_cv_path_NM=/opt/local/bin/nm
lt_cv_path_mainfest_tool=no
lt_cv_prog_compiler_c_o=yes
lt_cv_prog_compiler_c_o_CXX=yes
lt_cv_prog_compiler_pic='-fno-common -DPIC'
lt_cv_prog_compiler_pic_CXX='-fno-common -DPIC'
lt_cv_prog_compiler_pic_works=yes
lt_cv_prog_compiler_pic_works_CXX=yes
lt_cv_prog_compiler_rtti_exceptions=yes
lt_cv_prog_compiler_static_works=no
lt_cv_prog_compiler_static_works_CXX=no
lt_cv_prog_gnu_ld=no
lt_cv_prog_gnu_ldcxx=no
lt_cv_sharedlib_from_linklib_cmd='printf %s\n'
lt_cv_sys_global_symbol_pipe='sed -n -e '\''s/^.*[	 ]\([BCDEGRST][BCDEGRST]*\)[	 ][	 ]*_\([_A-Za-z][_A-Za-z0-9]*\)$/\1 _\2 \2/p'\'' | sed '\''/ __gnu_lto/d'\'''
lt_cv_sys_global_symbol_to_c_name_address='sed -n -e '\''s/^: \(.*\) .*$/  {"\1", (void *) 0},/p'\'' -e '\''s/^[BCDEGRST][BCDEGRST]* .* \(.*\)$/  {"\1", (void *) \&\1},/p'\'''
lt_cv_sys_global_symbol_to_c_name_address_lib_prefix='sed -n -e '\''s/^: \(.*\) .*$/  {"\1", (void *) 0},/p'\'' -e '\''s/^[BCDEGRST][BCDEGRST]* .* \(lib.*\)$/  {"\1", (void *) \&\1},/p'\'' -e '\''s/^[BCDEGRST][BCDEGRST]* .* \(.*\)$/  {"lib\1", (void *) \&\1},/p'\'''
lt_cv_sys_global_symbol_to_cdecl='sed -n -e '\''s/^T .* \(.*\)$/extern int \1();/p'\'' -e '\''s/^[BCDEGRST][BCDEGRST]* .* \(.*\)$/extern char \1;/p'\'''
lt_cv_sys_global_symbol_to_import=
lt_cv_sys_max_cmd_len=196608
lt_cv_to_host_file_cmd=func_convert_file_noop
lt_cv_to_tool_file_cmd=func_convert_file_noop
lt_cv_truncate_bin='/bin/dd bs=4096 count=1'

## ----------------- ##
## Output variables. ##
## ----------------- ##

ACLOCAL='${SHELL} "/Users/joeburg/Box Sync/Dauskardt_Group/Molcular_Modeling_Research/Data_Analysis_Programs/min_cut/graph-tool-2.12/missing" aclocal-1.15'
AMDEPBACKSLASH='\'
AMDEP_FALSE='#'
AMDEP_TRUE=''
AMTAR='$${TAR-tar}'
AM_BACKSLASH='\'
AM_DEFAULT_V='$(AM_DEFAULT_VERBOSITY)'
AM_DEFAULT_VERBOSITY='0'
AM_V='$(V)'
AR='ar'
AUTOCONF='${SHELL} "/Users/joeburg/Box Sync/Dauskardt_Group/Molcular_Modeling_Research/Data_Analysis_Programs/min_cut/graph-tool-2.12/missing" autoconf'
AUTOHEADER='${SHELL} "/Users/joeburg/Box Sync/Dauskardt_Group/Molcular_Modeling_Research/Data_Analysis_Programs/min_cut/graph-tool-2.12/missing" autoheader'
AUTOMAKE='${SHELL} "/Users/joeburg/Box Sync/Dauskardt_Group/Molcular_Modeling_Research/Data_Analysis_Programs/min_cut/graph-tool-2.12/missing" automake-1.15'
AWK='awk'
BOOST_COROUTINE_LIB='-lboost_coroutine-mt'
BOOST_CPPFLAGS='-I/usr/local/include'
BOOST_GRAPH_LIB='boost_graph'
BOOST_IOSTREAMS_LIB='boost_iostreams'
BOOST_LDFLAGS='-L/usr/local/lib'
BOOST_PYTHON_LIB='boost_python'
BOOST_REGEX_LIB='boost_regex'
CAIROMM_CFLAGS=''
CAIROMM_LIBS=''
CC='gcc'
CCDEPMODE='depmode=gcc3'
CFLAGS='-g -O2'
CGAL_FLAGS='-frounding-math'
CGAL_LIBADD='-lCGAL -lgmp'
CPP='gcc -E'
CPPFLAGS=' -I/System/Library/Frameworks/Python.framework/Versions/2.7/include/python2.7 -I/usr/local/include -I/System/Library/Frameworks/Python.framework/Versions/2.7/Extras/lib/python/numpy/core/include'
CXX='g++'
CXXCPP='g++ -E'
CXXDEPMODE='depmode=gcc3'
CXXFLAGS='-Wall -Wextra -ftemplate-backtrace-limit=0  -std=gnu++14 -DNDEBUG -ftemplate-depth-250 -Wno-deprecated -Wno-unknown-pragmas -O3 -fvisibility=default -fvisibility-inlines-hidden -Wno-unknown-pragmas'
CYGPATH_W='echo'
DEFS=''
DEPDIR='.deps'
DLLTOOL='false'
DSYMUTIL='dsymutil'
DUMPBIN=''
ECHO_C='\c'
ECHO_N=''
ECHO_T=''
EGREP='/usr/bin/grep -E'
EXEEXT=''
FGREP='/usr/bin/grep -F'
GRAPH_TOOL_VERSION_MAJOR='2'
GRAPH_TOOL_VERSION_MINOR='12'
GREP='/usr/bin/grep'
HAVE_CXX14=''
INSTALL_DATA='${INSTALL} -m 644'
INSTALL_PROGRAM='${INSTALL}'
INSTALL_SCRIPT='${INSTALL}'
INSTALL_STRIP_PROGRAM='$(install_sh) -c -s'
LD='/Applications/Xcode.app/Contents/Developer/Toolchains/XcodeDefault.xctoolchain/usr/bin/ld'
LDFLAGS=' -L/System/Library/Frameworks/Python.framework/Versions/2.7/lib -lpython2.7'
LIBOBJS=''
LIBS='-lCGAL -lexpat -lbz2 -lm '
LIBTOOL='$(SHELL) $(top_builddir)/libtool'
LIPO='lipo'
LN_S='ln -s'
LTLIBOBJS=''
LT_SYS_LIBRARY_PATH=''
MAKEINFO='${SHELL} "/Users/joeburg/Box Sync/Dauskardt_Group/Molcular_Modeling_Research/Data_Analysis_Programs/min_cut/graph-tool-2.12/missing" makeinfo'
MANIFEST_TOOL=':'
MKDIR_P='./install-sh -c -d'
MOD_CPPFLAGS=''
MOD_DIR='/Library/Python/2.7/site-packages/graph_tool'
MOD_LDFLAGS=''
MOD_LIBADD=''
NM='/opt/local/bin/nm'
NMEDIT='nmedit'
NO_INLINE_FALSE=''
NO_INLINE_TRUE='#'
NO_PREFIX_PACKAGE_DATA_DIR=''
NO_PREFIX_PACKAGE_DOC_DIR=''
OBJDUMP='false'
OBJEXT='o'
OPENMP_LDFLAGS=''
OTOOL64=':'
OTOOL='otool'
PACKAGE='graph-tool'
PACKAGE_BUGREPORT='http://graph-tool.skewed.de/tickets'
PACKAGE_DATA_DIR=''
PACKAGE_DOC_DIR=''
PACKAGE_NAME='graph-tool'
PACKAGE_STRING='graph-tool 2.12'
PACKAGE_TARNAME='graph-tool'
PACKAGE_URL='http://graph-tool.skewed.de'
PACKAGE_VERSION='2.12'
PATH_SEPARATOR=':'
PKG_CONFIG='/opt/local/bin/pkg-config'
PKG_CONFIG_LIBDIR=''
PKG_CONFIG_PATH=''
PYTHON='/usr/bin/python'
PYTHON_CPPFLAGS='-I/System/Library/Frameworks/Python.framework/Versions/2.7/include/python2.7'
PYTHON_EXEC_PREFIX='${exec_prefix}'
PYTHON_EXTRA_LDFLAGS='-u _PyMac_Error /System/Library/Frameworks/Python.framework/Versions/2.7/Python'
PYTHON_EXTRA_LIBS='-ldl  -framework CoreFoundation '
PYTHON_FULL_VERSION='2.7.10'
PYTHON_LDFLAGS='-L/System/Library/Frameworks/Python.framework/Versions/2.7/lib -lpython2.7'
PYTHON_PLATFORM='darwin'
PYTHON_PREFIX='${prefix}'
PYTHON_SITE_PKG='/Library/Python/2.7/site-packages'
PYTHON_VERSION='2.7'
RANLIB='ranlib'
SED='/usr/bin/sed'
SET_MAKE=''
SHELL='/bin/sh'
SPARSEHASH_CFLAGS=''
SPARSEHASH_LIBS=''
STRIP='strip'
VERSION='2.12'
ac_ct_AR='ar'
ac_ct_CC='gcc'
ac_ct_CXX='g++'
ac_ct_DUMPBIN=''
am__EXEEXT_FALSE=''
am__EXEEXT_TRUE=''
am__fastdepCC_FALSE='#'
am__fastdepCC_TRUE=''
am__fastdepCXX_FALSE='#'
am__fastdepCXX_TRUE=''
am__include='include'
am__isrc=''
am__leading_dot='.'
am__nodep='_no'
am__quote=''
am__tar='$${TAR-tar} chof - "$$tardir"'
am__untar='$${TAR-tar} xf -'
bindir='${exec_prefix}/bin'
build='x86_64-apple-darwin15.2.0'
build_alias=''
build_cpu='x86_64'
build_os='darwin15.2.0'
build_vendor='apple'
datadir='${datarootdir}'
datarootdir='${prefix}/share'
docdir='${datarootdir}/doc/${PACKAGE_TARNAME}'
dvidir='${docdir}'
exec_prefix='NONE'
host='x86_64-apple-darwin15.2.0'
host_alias=''
host_cpu='x86_64'
host_os='darwin15.2.0'
host_vendor='apple'
htmldir='${docdir}'
includedir='${prefix}/include'
infodir='${datarootdir}/info'
install_sh='${SHELL} '\''/Users/joeburg/Box Sync/Dauskardt_Group/Molcular_Modeling_Research/Data_Analysis_Programs/min_cut/graph-tool-2.12/install-sh'\'''
libdir='${exec_prefix}/lib'
libexecdir='${exec_prefix}/libexec'
localedir='${datarootdir}/locale'
localstatedir='${prefix}/var'
mandir='${datarootdir}/man'
mkdir_p='$(MKDIR_P)'
oldincludedir='/usr/include'
pdfdir='${docdir}'
pkgpyexecdir='${pyexecdir}/graph-tool'
pkgpythondir='${pythondir}/graph-tool'
prefix='/usr/local'
program_transform_name='s,x,x,'
psdir='${docdir}'
pyexecdir='${exec_prefix}/lib/python2.7/site-packages'
pythondir='${prefix}/lib/python2.7/site-packages'
sbindir='${exec_prefix}/sbin'
sharedstatedir='${prefix}/com'
sysconfdir='${prefix}/etc'
target='x86_64-apple-darwin15.2.0'
target_alias=''
target_cpu='x86_64'
target_os='darwin15.2.0'
target_vendor='apple'

## ----------- ##
## confdefs.h. ##
## ----------- ##

/* confdefs.h */
#define PACKAGE_NAME "graph-tool"
#define PACKAGE_TARNAME "graph-tool"
#define PACKAGE_VERSION "2.12"
#define PACKAGE_STRING "graph-tool 2.12"
#define PACKAGE_BUGREPORT "http://graph-tool.skewed.de/tickets"
#define PACKAGE_URL "http://graph-tool.skewed.de"
#define PACKAGE "graph-tool"
#define VERSION "2.12"
#define STDC_HEADERS 1
#define HAVE_SYS_TYPES_H 1
#define HAVE_SYS_STAT_H 1
#define HAVE_STDLIB_H 1
#define HAVE_STRING_H 1
#define HAVE_MEMORY_H 1
#define HAVE_STRINGS_H 1
#define HAVE_INTTYPES_H 1
#define HAVE_STDINT_H 1
#define HAVE_UNISTD_H 1
#define __EXTENSIONS__ 1
#define _ALL_SOURCE 1
#define _GNU_SOURCE 1
#define _POSIX_PTHREAD_SEMANTICS 1
#define _TANDEM_SOURCE 1
#define STDC_HEADERS 1
#define HAVE_DLFCN_H 1
#define LT_OBJDIR ".libs/"
#define HAVE_LIBM 1
#define HAVE_LIBBZ2 1
#define HAVE_LIBEXPAT 1
#define HAVE_PYTHON "2.7"
#define HAVE_BOOST /**/
#define HAVE_BOOST_PYTHON /**/
#define HAVE_BOOST_IOSTREAMS /**/
#define HAVE_BOOST_REGEX /**/
#define HAVE_BOOST_COROUTINE /**/
#define HAVE_BOOST_GRAPH /**/
#define HAVE_LIBCGAL 1

configure: exit 1
